#
# There is insufficient memory for the Java Runtime Environment to continue.
# Native memory allocation (mmap) failed to map 174063616 bytes for committing reserved memory.
# Possible reasons:
#   The system is out of physical RAM or swap space
#   In 32 bit mode, the process size limit was hit
# Possible solutions:
#   Reduce memory load on the system
#   Increase physical memory or swap space
#   Check if swap backing store is full
#   Use 64 bit Java on a 64 bit OS
#   Decrease Java heap size (-Xmx/-Xms)
#   Decrease number of Java threads
#   Decrease Java thread stack sizes (-Xss)
#   Set larger code cache with -XX:ReservedCodeCacheSize=
# This output file may be truncated or incomplete.
#
#  Out of Memory Error (os_linux.cpp:2627), pid=22491, tid=139923718899456
#
# JRE version: Java(TM) SE Runtime Environment (8.0_66-b17) (build 1.8.0_66-b17)
# Java VM: Java HotSpot(TM) 64-Bit Server VM (25.66-b17 mixed mode linux-amd64 compressed oops)
# Failed to write core dump. Core dumps have been disabled. To enable core dumping, try "ulimit -c unlimited" before starting Java again
#

---------------  T H R E A D  ---------------

Current thread (0x00007f42ac078000):  VMThread [stack: 0x00007f42877f8000,0x00007f42878f9000] [id=22527]

Stack: [0x00007f42877f8000,0x00007f42878f9000],  sp=0x00007f42878f6f60,  free space=1019k
Native frames: (J=compiled Java code, j=interpreted, Vv=VM code, C=native code)
V  [libjvm.so+0xab9a1a]  VMError::report_and_die()+0x2ba
V  [libjvm.so+0x4f9e0b]  report_vm_out_of_memory(char const*, int, unsigned long, VMErrorType, char const*)+0x8b
V  [libjvm.so+0x91a8a3]  os::Linux::commit_memory_impl(char*, unsigned long, bool)+0x103
V  [libjvm.so+0x91adf9]  os::pd_commit_memory(char*, unsigned long, unsigned long, bool)+0x29
V  [libjvm.so+0x91510a]  os::commit_memory(char*, unsigned long, unsigned long, bool)+0x2a
V  [libjvm.so+0x9887a3]  PSVirtualSpace::expand_by(unsigned long)+0x53
V  [libjvm.so+0x989ba8]  PSYoungGen::resize_generation(unsigned long, unsigned long)+0xf8
V  [libjvm.so+0x988d02]  PSYoungGen::resize(unsigned long, unsigned long)+0x22
V  [libjvm.so+0x985fdb]  PSScavenge::invoke_no_policy()+0xf3b
V  [libjvm.so+0x986761]  PSScavenge::invoke()+0x41
V  [libjvm.so+0x93e500]  ParallelScavengeHeap::failed_mem_allocate(unsigned long)+0x70
V  [libjvm.so+0xabb437]  VM_ParallelGCFailedAllocation::doit()+0x97
V  [libjvm.so+0xac2e65]  VM_Operation::evaluate()+0x55
V  [libjvm.so+0xac123a]  VMThread::evaluate_operation(VM_Operation*)+0xba
V  [libjvm.so+0xac15be]  VMThread::loop()+0x1ce
V  [libjvm.so+0xac1a30]  VMThread::run()+0x70
V  [libjvm.so+0x91cc68]  java_start(Thread*)+0x108

VM_Operation (0x00007f42b1fc94e0): ParallelGCFailedAllocation, mode: safepoint, requested by thread 0x00007f42ac00a000


---------------  P R O C E S S  ---------------

Java Threads: ( => current thread )
  0x00007f42ac139000 JavaThread "pool-1-thread-4" [_thread_blocked, id=22580, stack(0x00007f4286822000,0x00007f4286923000)]
  0x00007f42ac137000 JavaThread "pool-1-thread-3" [_thread_blocked, id=22579, stack(0x00007f4286923000,0x00007f4286a24000)]
  0x00007f42ac135800 JavaThread "pool-1-thread-2" [_thread_blocked, id=22577, stack(0x00007f4286a24000,0x00007f4286b25000)]
  0x00007f42ac132800 JavaThread "pool-2-thread-1" [_thread_blocked, id=22574, stack(0x00007f4286b25000,0x00007f4286c26000)]
  0x00007f42ac12b800 JavaThread "pool-1-thread-1" [_thread_blocked, id=22571, stack(0x00007f4286c26000,0x00007f4286d27000)]
  0x00007f42ac0c2000 JavaThread "Service Thread" daemon [_thread_blocked, id=22546, stack(0x00007f4286e28000,0x00007f4286f29000)]
  0x00007f42ac0bd800 JavaThread "C1 CompilerThread2" daemon [_thread_blocked, id=22544, stack(0x00007f4286f29000,0x00007f428702a000)]
  0x00007f42ac0bb800 JavaThread "C2 CompilerThread1" daemon [_thread_blocked, id=22542, stack(0x00007f428702a000,0x00007f428712b000)]
  0x00007f42ac0b8800 JavaThread "C2 CompilerThread0" daemon [_thread_blocked, id=22539, stack(0x00007f428712b000,0x00007f428722c000)]
  0x00007f42ac0b7000 JavaThread "Signal Dispatcher" daemon [_thread_blocked, id=22538, stack(0x00007f428722c000,0x00007f428732d000)]
  0x00007f42ac07f000 JavaThread "Finalizer" daemon [_thread_blocked, id=22531, stack(0x00007f42875f6000,0x00007f42876f7000)]
  0x00007f42ac07d000 JavaThread "Reference Handler" daemon [_thread_blocked, id=22530, stack(0x00007f42876f7000,0x00007f42877f8000)]
  0x00007f42ac00a000 JavaThread "main" [_thread_blocked, id=22493, stack(0x00007f42b1ecb000,0x00007f42b1fcc000)]

Other Threads:
=>0x00007f42ac078000 VMThread [stack: 0x00007f42877f8000,0x00007f42878f9000] [id=22527]
  0x00007f42ac0c5000 WatcherThread [stack: 0x00007f4286d27000,0x00007f4286e28000] [id=22548]

VM state:at safepoint (normal execution)

VM Mutex/Monitor currently owned by a thread:  ([mutex/lock_event])
[0x00007f42ac006550] Threads_lock - owner thread: 0x00007f42ac078000
[0x00007f42ac006a50] Heap_lock - owner thread: 0x00007f42ac00a000

Heap:
 PSYoungGen      total 132096K, used 5103K [0x00000000eab00000, 0x00000000f3100000, 0x0000000100000000)
  eden space 126976K, 0% used [0x00000000eab00000,0x00000000eab00000,0x00000000f2700000)
  from space 5120K, 99% used [0x00000000f2700000,0x00000000f2bfbc28,0x00000000f2c00000)
  to   space 5120K, 0% used [0x00000000f2c00000,0x00000000f2c00000,0x00000000f3100000)
 ParOldGen       total 84992K, used 45346K [0x00000000c0000000, 0x00000000c5300000, 0x00000000eab00000)
  object space 84992K, 53% used [0x00000000c0000000,0x00000000c2c48ac8,0x00000000c5300000)
 Metaspace       used 6121K, capacity 7090K, committed 7296K, reserved 1056768K
  class space    used 604K, capacity 618K, committed 640K, reserved 1048576K

Card table byte_map: [0x00007f429b9a5000,0x00007f429bba6000] byte_map_base: 0x00007f429b3a5000

Marking Bits: (ParMarkBitMap*) 0x00007f42b13a9020
 Begin Bits: [0x00007f429944b000, 0x00007f429a44b000)
 End Bits:   [0x00007f429a44b000, 0x00007f429b44b000)

Polling page: 0x00007f42b1ff0000

CodeCache: size=245760Kb used=6444Kb max_used=6444Kb free=239315Kb
 bounds [0x00007f429bf66000, 0x00007f429c5b6000, 0x00007f42aaf66000]
 total_blobs=1919 nmethods=1651 adapters=182
 compilation: enabled

Compilation events (10 events):
Event: 6.216 Thread 0x00007f42ac0bd800 1859       2       java.util.concurrent.ThreadPoolExecutor::runStateOf (5 bytes)
Event: 6.216 Thread 0x00007f42ac0bd800 nmethod 1859 0x00007f429c5b0dd0 code [0x00007f429c5b0f20, 0x00007f429c5b1050]
Event: 6.216 Thread 0x00007f42ac0bd800 1857       2       sun.misc.Unsafe::getAndAddInt (27 bytes)
Event: 6.221 Thread 0x00007f42ac0bd800 nmethod 1857 0x00007f429c5b10d0 code [0x00007f429c5b1240, 0x00007f429c5b1410]
Event: 6.221 Thread 0x00007f42ac0bd800 1953       2       com.android.dx.rop.code.Rops::opGetStatic (97 bytes)
Event: 6.221 Thread 0x00007f42ac0bd800 nmethod 1953 0x00007f429c5b14d0 code [0x00007f429c5b16c0, 0x00007f429c5b1c38]
Event: 6.227 Thread 0x00007f42ac0bd800 1954       2       com.android.dx.dex.cf.CfTranslator::translate0 (259 bytes)
Event: 6.229 Thread 0x00007f42ac0bd800 nmethod 1954 0x00007f429c5b1f50 code [0x00007f429c5b2240, 0x00007f429c5b2ff8]
Event: 6.239 Thread 0x00007f42ac0bd800 1955       2       com.android.dx.rop.code.Rops::pickBinaryOp (158 bytes)
Event: 6.240 Thread 0x00007f42ac0bd800 nmethod 1955 0x00007f429c5b4410 code [0x00007f429c5b4600, 0x00007f429c5b4c18]

GC Heap History (9 events):
Event: 1.701 GC heap before
{Heap before GC invocations=1 (full 0):
 PSYoungGen      total 36864K, used 31744K [0x00000000eab00000, 0x00000000ed400000, 0x0000000100000000)
  eden space 31744K, 100% used [0x00000000eab00000,0x00000000eca00000,0x00000000eca00000)
  from space 5120K, 0% used [0x00000000ecf00000,0x00000000ecf00000,0x00000000ed400000)
  to   space 5120K, 0% used [0x00000000eca00000,0x00000000eca00000,0x00000000ecf00000)
 ParOldGen       total 84992K, used 0K [0x00000000c0000000, 0x00000000c5300000, 0x00000000eab00000)
  object space 84992K, 0% used [0x00000000c0000000,0x00000000c0000000,0x00000000c5300000)
 Metaspace       used 5606K, capacity 6768K, committed 7040K, reserved 1056768K
  class space    used 579K, capacity 616K, committed 640K, reserved 1048576K
Event: 1.760 GC heap after
Heap after GC invocations=1 (full 0):
 PSYoungGen      total 36864K, used 5112K [0x00000000eab00000, 0x00000000ef300000, 0x0000000100000000)
  eden space 31744K, 0% used [0x00000000eab00000,0x00000000eab00000,0x00000000eca00000)
  from space 5120K, 99% used [0x00000000eca00000,0x00000000ecefe038,0x00000000ecf00000)
  to   space 5120K, 0% used [0x00000000eee00000,0x00000000eee00000,0x00000000ef300000)
 ParOldGen       total 84992K, used 1316K [0x00000000c0000000, 0x00000000c5300000, 0x00000000eab00000)
  object space 84992K, 1% used [0x00000000c0000000,0x00000000c01492d0,0x00000000c5300000)
 Metaspace       used 5606K, capacity 6768K, committed 7040K, reserved 1056768K
  class space    used 579K, capacity 616K, committed 640K, reserved 1048576K
}
Event: 2.502 GC heap before
{Heap before GC invocations=2 (full 0):
 PSYoungGen      total 36864K, used 36856K [0x00000000eab00000, 0x00000000ef300000, 0x0000000100000000)
  eden space 31744K, 100% used [0x00000000eab00000,0x00000000eca00000,0x00000000eca00000)
  from space 5120K, 99% used [0x00000000eca00000,0x00000000ecefe038,0x00000000ecf00000)
  to   space 5120K, 0% used [0x00000000eee00000,0x00000000eee00000,0x00000000ef300000)
 ParOldGen       total 84992K, used 1316K [0x00000000c0000000, 0x00000000c5300000, 0x00000000eab00000)
  object space 84992K, 1% used [0x00000000c0000000,0x00000000c01492d0,0x00000000c5300000)
 Metaspace       used 5719K, capacity 6832K, committed 7040K, reserved 1056768K
  class space    used 584K, capacity 616K, committed 640K, reserved 1048576K
Event: 2.555 GC heap after
Heap after GC invocations=2 (full 0):
 PSYoungGen      total 68608K, used 5095K [0x00000000eab00000, 0x00000000ef300000, 0x0000000100000000)
  eden space 63488K, 0% used [0x00000000eab00000,0x00000000eab00000,0x00000000ee900000)
  from space 5120K, 99% used [0x00000000eee00000,0x00000000ef2f9c78,0x00000000ef300000)
  to   space 5120K, 0% used [0x00000000ee900000,0x00000000ee900000,0x00000000eee00000)
 ParOldGen       total 84992K, used 5835K [0x00000000c0000000, 0x00000000c5300000, 0x00000000eab00000)
  object space 84992K, 6% used [0x00000000c0000000,0x00000000c05b2d38,0x00000000c5300000)
 Metaspace       used 5719K, capacity 6832K, committed 7040K, reserved 1056768K
  class space    used 584K, capacity 616K, committed 640K, reserved 1048576K
}
Event: 3.602 GC heap before
{Heap before GC invocations=3 (full 0):
 PSYoungGen      total 68608K, used 68583K [0x00000000eab00000, 0x00000000ef300000, 0x0000000100000000)
  eden space 63488K, 100% used [0x00000000eab00000,0x00000000ee900000,0x00000000ee900000)
  from space 5120K, 99% used [0x00000000eee00000,0x00000000ef2f9c78,0x00000000ef300000)
  to   space 5120K, 0% used [0x00000000ee900000,0x00000000ee900000,0x00000000eee00000)
 ParOldGen       total 84992K, used 5835K [0x00000000c0000000, 0x00000000c5300000, 0x00000000eab00000)
  object space 84992K, 6% used [0x00000000c0000000,0x00000000c05b2d38,0x00000000c5300000)
 Metaspace       used 5777K, capacity 6896K, committed 7040K, reserved 1056768K
  class space    used 584K, capacity 616K, committed 640K, reserved 1048576K
Event: 3.651 GC heap after
Heap after GC invocations=3 (full 0):
 PSYoungGen      total 68608K, used 5091K [0x00000000eab00000, 0x00000000f3100000, 0x0000000100000000)
  eden space 63488K, 0% used [0x00000000eab00000,0x00000000eab00000,0x00000000ee900000)
  from space 5120K, 99% used [0x00000000ee900000,0x00000000eedf8f90,0x00000000eee00000)
  to   space 5120K, 0% used [0x00000000f2c00000,0x00000000f2c00000,0x00000000f3100000)
 ParOldGen       total 84992K, used 15305K [0x00000000c0000000, 0x00000000c5300000, 0x00000000eab00000)
  object space 84992K, 18% used [0x00000000c0000000,0x00000000c0ef2788,0x00000000c5300000)
 Metaspace       used 5777K, capacity 6896K, committed 7040K, reserved 1056768K
  class space    used 584K, capacity 616K, committed 640K, reserved 1048576K
}
Event: 4.502 GC heap before
{Heap before GC invocations=4 (full 0):
 PSYoungGen      total 68608K, used 68579K [0x00000000eab00000, 0x00000000f3100000, 0x0000000100000000)
  eden space 63488K, 100% used [0x00000000eab00000,0x00000000ee900000,0x00000000ee900000)
  from space 5120K, 99% used [0x00000000ee900000,0x00000000eedf8f90,0x00000000eee00000)
  to   space 5120K, 0% used [0x00000000f2c00000,0x00000000f2c00000,0x00000000f3100000)
 ParOldGen       total 84992K, used 15305K [0x00000000c0000000, 0x00000000c5300000, 0x00000000eab00000)
  object space 84992K, 18% used [0x00000000c0000000,0x00000000c0ef2788,0x00000000c5300000)
 Metaspace       used 5860K, capacity 6960K, committed 7040K, reserved 1056768K
  class space    used 585K, capacity 616K, committed 640K, reserved 1048576K
Event: 4.622 GC heap after
Heap after GC invocations=4 (full 0):
 PSYoungGen      total 132096K, used 5116K [0x00000000eab00000, 0x00000000f3100000, 0x0000000100000000)
  eden space 126976K, 0% used [0x00000000eab00000,0x00000000eab00000,0x00000000f2700000)
  from space 5120K, 99% used [0x00000000f2c00000,0x00000000f30ff1a8,0x00000000f3100000)
  to   space 5120K, 0% used [0x00000000f2700000,0x00000000f2700000,0x00000000f2c00000)
 ParOldGen       total 84992K, used 25731K [0x00000000c0000000, 0x00000000c5300000, 0x00000000eab00000)
  object space 84992K, 30% used [0x00000000c0000000,0x00000000c1920c90,0x00000000c5300000)
 Metaspace       used 5860K, capacity 6960K, committed 7040K, reserved 1056768K
  class space    used 585K, capacity 616K, committed 640K, reserved 1048576K
}
Event: 6.258 GC heap before
{Heap before GC invocations=5 (full 0):
 PSYoungGen      total 132096K, used 132092K [0x00000000eab00000, 0x00000000f3100000, 0x0000000100000000)
  eden space 126976K, 100% used [0x00000000eab00000,0x00000000f2700000,0x00000000f2700000)
  from space 5120K, 99% used [0x00000000f2c00000,0x00000000f30ff1a8,0x00000000f3100000)
  to   space 5120K, 0% used [0x00000000f2700000,0x00000000f2700000,0x00000000f2c00000)
 ParOldGen       total 84992K, used 25731K [0x00000000c0000000, 0x00000000c5300000, 0x00000000eab00000)
  object space 84992K, 30% used [0x00000000c0000000,0x00000000c1920c90,0x00000000c5300000)
 Metaspace       used 6121K, capacity 7090K, committed 7296K, reserved 1056768K
  class space    used 604K, capacity 618K, committed 640K, reserved 1048576K

Deoptimization events (10 events):
Event: 1.986 Thread 0x00007f42ac12b800 Uncommon trap: reason=null_check action=make_not_entrant pc=0x00007f429c21749c method=com.android.dx.ssa.SsaRenamer.getLocalForNewReg(I)Lcom/android/dx/rop/code/LocalItem; @ 19
Event: 1.986 Thread 0x00007f42ac12b800 Uncommon trap: reason=null_check action=make_not_entrant pc=0x00007f429c1e2a0c method=com.android.dx.ssa.SsaRenamer.getLocalForNewReg(I)Lcom/android/dx/rop/code/LocalItem; @ 19
Event: 2.109 Thread 0x00007f42ac135800 Uncommon trap: reason=bimorphic action=maybe_recompile pc=0x00007f429c1ed3e8 method=java.util.HashMap.getNode(ILjava/lang/Object;)Ljava/util/HashMap$Node; @ 126
Event: 3.942 Thread 0x00007f42ac135800 Uncommon trap: reason=null_check action=make_not_entrant pc=0x00007f429c3963a8 method=com.android.dx.rop.type.Type.equals(Ljava/lang/Object;)Z @ 8
Event: 4.260 Thread 0x00007f42ac00a000 Uncommon trap: reason=bimorphic action=maybe_recompile pc=0x00007f429c2038a0 method=java.util.HashMap.getNode(ILjava/lang/Object;)Ljava/util/HashMap$Node; @ 126
Event: 4.260 Thread 0x00007f42ac00a000 Uncommon trap: reason=unstable_if action=reinterpret pc=0x00007f429c430888 method=java.util.HashMap.putVal(ILjava/lang/Object;Ljava/lang/Object;ZZ)Ljava/lang/Object; @ 206
Event: 4.322 Thread 0x00007f42ac137000 Uncommon trap: reason=bimorphic action=maybe_recompile pc=0x00007f429c2038a0 method=java.util.HashMap.getNode(ILjava/lang/Object;)Ljava/util/HashMap$Node; @ 126
Event: 4.832 Thread 0x00007f42ac135800 Uncommon trap: reason=bimorphic action=maybe_recompile pc=0x00007f429c2038a0 method=java.util.HashMap.getNode(ILjava/lang/Object;)Ljava/util/HashMap$Node; @ 126
Event: 4.832 Thread 0x00007f42ac135800 Uncommon trap: reason=bimorphic action=maybe_recompile pc=0x00007f429c1ed3e8 method=java.util.HashMap.getNode(ILjava/lang/Object;)Ljava/util/HashMap$Node; @ 126
Event: 6.193 Thread 0x00007f42ac139000 Uncommon trap: reason=unstable_if action=reinterpret pc=0x00007f429c25d2b4 method=java.util.HashMap.putVal(ILjava/lang/Object;Ljava/lang/Object;ZZ)Ljava/lang/Object; @ 162

Internal exceptions (8 events):
Event: 0.045 Thread 0x00007f42ac00a000 Exception <a 'java/lang/NoSuchMethodError': Method sun.misc.Unsafe.defineClass(Ljava/lang/String;[BII)Ljava/lang/Class; name or signature does not match> (0x00000000eab12b98) thrown at [/HUDSON/workspace/8-2-build-linux-amd64/jdk8u66/4988/hotspot/src/shar
Event: 0.045 Thread 0x00007f42ac00a000 Exception <a 'java/lang/NoSuchMethodError': Method sun.misc.Unsafe.prefetchRead(Ljava/lang/Object;J)V name or signature does not match> (0x00000000eab12e80) thrown at [/HUDSON/workspace/8-2-build-linux-amd64/jdk8u66/4988/hotspot/src/share/vm/prims/jni.cpp
Event: 1.986 Thread 0x00007f42ac12b800 Implicit null exception at 0x00007f429c214dae to 0x00007f429c217455
Event: 1.986 Thread 0x00007f42ac12b800 Implicit null exception at 0x00007f429c1e054d to 0x00007f429c1e29ed
Event: 3.942 Thread 0x00007f42ac135800 Implicit null exception at 0x00007f429c3962a2 to 0x00007f429c39639b
Event: 6.194 Thread 0x00007f42ac139000 Exception <a 'java/lang/ArrayIndexOutOfBoundsException': 18> (0x00000000f1d36fd8) thrown at [/HUDSON/workspace/8-2-build-linux-amd64/jdk8u66/4988/hotspot/src/share/vm/interpreter/interpreterRuntime.cpp, line 366]
Event: 6.195 Thread 0x00007f42ac139000 Exception <a 'java/lang/ArrayIndexOutOfBoundsException': 145> (0x00000000f1d38b58) thrown at [/HUDSON/workspace/8-2-build-linux-amd64/jdk8u66/4988/hotspot/src/share/vm/interpreter/interpreterRuntime.cpp, line 366]
Event: 6.195 Thread 0x00007f42ac139000 Exception <a 'java/lang/ArrayIndexOutOfBoundsException': 40> (0x00000000f1d39e40) thrown at [/HUDSON/workspace/8-2-build-linux-amd64/jdk8u66/4988/hotspot/src/share/vm/interpreter/interpreterRuntime.cpp, line 366]

Events (10 events):
Event: 6.195 loading class sun/reflect/generics/reflectiveObjects/ParameterizedTypeImpl done
Event: 6.195 loading class java/lang/reflect/TypeVariable
Event: 6.195 loading class java/lang/reflect/TypeVariable done
Event: 6.195 loading class sun/reflect/generics/reflectiveObjects/TypeVariableImpl
Event: 6.195 loading class sun/reflect/generics/reflectiveObjects/LazyReflectiveObjectGenerator
Event: 6.195 loading class sun/reflect/generics/reflectiveObjects/LazyReflectiveObjectGenerator done
Event: 6.195 loading class sun/reflect/generics/reflectiveObjects/TypeVariableImpl done
Event: 6.198 Thread 0x00007f42ac135800 DEOPT PACKING pc=0x00007f429c480bda sp=0x00007f4286b230d0
Event: 6.198 Thread 0x00007f42ac135800 DEOPT UNPACKING pc=0x00007f429bfad633 sp=0x00007f4286b22e80 mode 0
Event: 6.257 Executing VM operation: ParallelGCFailedAllocation


Dynamic libraries:
00400000-00401000 r-xp 00000000 08:07 15930                              /usr/lib/jvm/java-8-oracle/bin/java
00600000-00601000 rw-p 00000000 08:07 15930                              /usr/lib/jvm/java-8-oracle/bin/java
009e4000-00a05000 rw-p 00000000 00:00 0                                  [heap]
c0000000-c5300000 rw-p 00000000 00:00 0 
c5300000-eab00000 ---p 00000000 00:00 0 
eab00000-f3100000 rw-p 00000000 00:00 0 
fd700000-100000000 ---p 00000000 00:00 0 
100000000-1000a0000 rw-p 00000000 00:00 0 
1000a0000-140000000 ---p 00000000 00:00 0 
7f4248000000-7f4248021000 rw-p 00000000 00:00 0 
7f4248021000-7f424c000000 ---p 00000000 00:00 0 
7f4250000000-7f4250026000 rw-p 00000000 00:00 0 
7f4250026000-7f4254000000 ---p 00000000 00:00 0 
7f4254000000-7f4254026000 rw-p 00000000 00:00 0 
7f4254026000-7f4258000000 ---p 00000000 00:00 0 
7f4258000000-7f425804f000 rw-p 00000000 00:00 0 
7f425804f000-7f425c000000 ---p 00000000 00:00 0 
7f425c000000-7f425c021000 rw-p 00000000 00:00 0 
7f425c021000-7f4260000000 ---p 00000000 00:00 0 
7f4260000000-7f42609b5000 rw-p 00000000 00:00 0 
7f42609b5000-7f4264000000 ---p 00000000 00:00 0 
7f4264000000-7f4264021000 rw-p 00000000 00:00 0 
7f4264021000-7f4268000000 ---p 00000000 00:00 0 
7f4268000000-7f426886b000 rw-p 00000000 00:00 0 
7f426886b000-7f426c000000 ---p 00000000 00:00 0 
7f426c000000-7f426c021000 rw-p 00000000 00:00 0 
7f426c021000-7f4270000000 ---p 00000000 00:00 0 
7f4270000000-7f4270021000 rw-p 00000000 00:00 0 
7f4270021000-7f4274000000 ---p 00000000 00:00 0 
7f4274000000-7f4274725000 rw-p 00000000 00:00 0 
7f4274725000-7f4278000000 ---p 00000000 00:00 0 
7f4278000000-7f4278021000 rw-p 00000000 00:00 0 
7f4278021000-7f427c000000 ---p 00000000 00:00 0 
7f427c000000-7f427c021000 rw-p 00000000 00:00 0 
7f427c021000-7f4280000000 ---p 00000000 00:00 0 
7f4280000000-7f428028c000 rw-p 00000000 00:00 0 
7f428028c000-7f4284000000 ---p 00000000 00:00 0 
7f4286822000-7f4286825000 ---p 00000000 00:00 0 
7f4286825000-7f4286923000 rw-p 00000000 00:00 0                          [stack:22580]
7f4286923000-7f4286926000 ---p 00000000 00:00 0 
7f4286926000-7f4286a24000 rw-p 00000000 00:00 0                          [stack:22579]
7f4286a24000-7f4286a27000 ---p 00000000 00:00 0 
7f4286a27000-7f4286b25000 rw-p 00000000 00:00 0                          [stack:22577]
7f4286b25000-7f4286b28000 ---p 00000000 00:00 0 
7f4286b28000-7f4286c26000 rw-p 00000000 00:00 0                          [stack:22574]
7f4286c26000-7f4286c29000 ---p 00000000 00:00 0 
7f4286c29000-7f4286d27000 rw-p 00000000 00:00 0                          [stack:22571]
7f4286d27000-7f4286d28000 ---p 00000000 00:00 0 
7f4286d28000-7f4286e28000 rw-p 00000000 00:00 0                          [stack:22548]
7f4286e28000-7f4286e2b000 ---p 00000000 00:00 0 
7f4286e2b000-7f4286f29000 rw-p 00000000 00:00 0                          [stack:22546]
7f4286f29000-7f4286f2c000 ---p 00000000 00:00 0 
7f4286f2c000-7f428702a000 rw-p 00000000 00:00 0                          [stack:22544]
7f428702a000-7f428702d000 ---p 00000000 00:00 0 
7f428702d000-7f428712b000 rw-p 00000000 00:00 0                          [stack:22542]
7f428712b000-7f428712e000 ---p 00000000 00:00 0 
7f428712e000-7f428722c000 rw-p 00000000 00:00 0                          [stack:22539]
7f428722c000-7f428722f000 ---p 00000000 00:00 0 
7f428722f000-7f428732d000 rw-p 00000000 00:00 0                          [stack:22538]
7f428732d000-7f42875f6000 r--p 00000000 08:07 9115                       /usr/lib/locale/locale-archive
7f42875f6000-7f42875f9000 ---p 00000000 00:00 0 
7f42875f9000-7f42876f7000 rw-p 00000000 00:00 0                          [stack:22531]
7f42876f7000-7f42876fa000 ---p 00000000 00:00 0 
7f42876fa000-7f42877f8000 rw-p 00000000 00:00 0                          [stack:22530]
7f42877f8000-7f42877f9000 ---p 00000000 00:00 0 
7f42877f9000-7f4288000000 rw-p 00000000 00:00 0                          [stack:22527]
7f4288000000-7f4288021000 rw-p 00000000 00:00 0 
7f4288021000-7f428c000000 ---p 00000000 00:00 0 
7f428c000000-7f428c021000 rw-p 00000000 00:00 0 
7f428c021000-7f4290000000 ---p 00000000 00:00 0 
7f4290000000-7f4290021000 rw-p 00000000 00:00 0 
7f4290021000-7f4294000000 ---p 00000000 00:00 0 
7f4294000000-7f4294021000 rw-p 00000000 00:00 0 
7f4294021000-7f4298000000 ---p 00000000 00:00 0 
7f4298013000-7f4298028000 r--s 000e5000 08:07 3014681                    /home/zeengoone/AndroidStudioProjects/PlanPenny/PlanPenny_v0.4/app/build/intermediates/exploded-aar/com.android.support/support-v4/23.1.1/jars/classes.jar
7f4298028000-7f4298872000 rw-p 00000000 00:00 0 
7f4298872000-7f4298a4b000 r--s 03d20000 08:07 15892                      /usr/lib/jvm/java-8-oracle/jre/lib/rt.jar
7f4298a4b000-7f42990cb000 rw-p 00000000 00:00 0 
7f42990cb000-7f429924b000 ---p 00000000 00:00 0 
7f429924b000-7f429b44b000 rw-p 00000000 00:00 0 
7f429b44b000-7f429b44c000 ---p 00000000 00:00 0 
7f429b44c000-7f429b54c000 rw-p 00000000 00:00 0                          [stack:22515]
7f429b54c000-7f429b54d000 ---p 00000000 00:00 0 
7f429b54d000-7f429b64d000 rw-p 00000000 00:00 0                          [stack:22514]
7f429b64d000-7f429b64e000 ---p 00000000 00:00 0 
7f429b64e000-7f429b74e000 rw-p 00000000 00:00 0                          [stack:22513]
7f429b74e000-7f429b74f000 ---p 00000000 00:00 0 
7f429b74f000-7f429b879000 rw-p 00000000 00:00 0                          [stack:22512]
7f429b879000-7f429b9a5000 ---p 00000000 00:00 0 
7f429b9a5000-7f429b9cf000 rw-p 00000000 00:00 0 
7f429b9cf000-7f429bafa000 ---p 00000000 00:00 0 
7f429bafa000-7f429bb3e000 rw-p 00000000 00:00 0 
7f429bb3e000-7f429bba5000 ---p 00000000 00:00 0 
7f429bba5000-7f429bbc0000 rw-p 00000000 00:00 0 
7f429bbc0000-7f429bf66000 ---p 00000000 00:00 0 
7f429bf66000-7f429c5b6000 rwxp 00000000 00:00 0 
7f429c5b6000-7f42aaf66000 ---p 00000000 00:00 0 
7f42aaf66000-7f42aaf80000 r-xp 00000000 08:07 666049                     /usr/lib/jvm/java-8-oracle/jre/lib/amd64/libzip.so
7f42aaf80000-7f42ab180000 ---p 0001a000 08:07 666049                     /usr/lib/jvm/java-8-oracle/jre/lib/amd64/libzip.so
7f42ab180000-7f42ab181000 rw-p 0001a000 08:07 666049                     /usr/lib/jvm/java-8-oracle/jre/lib/amd64/libzip.so
7f42ab181000-7f42ab18c000 r-xp 00000000 08:07 398229                     /lib/x86_64-linux-gnu/libnss_files-2.19.so
7f42ab18c000-7f42ab38b000 ---p 0000b000 08:07 398229                     /lib/x86_64-linux-gnu/libnss_files-2.19.so
7f42ab38b000-7f42ab38c000 r--p 0000a000 08:07 398229                     /lib/x86_64-linux-gnu/libnss_files-2.19.so
7f42ab38c000-7f42ab38d000 rw-p 0000b000 08:07 398229                     /lib/x86_64-linux-gnu/libnss_files-2.19.so
7f42ab38d000-7f42ab398000 r-xp 00000000 08:07 398239                     /lib/x86_64-linux-gnu/libnss_nis-2.19.so
7f42ab398000-7f42ab597000 ---p 0000b000 08:07 398239                     /lib/x86_64-linux-gnu/libnss_nis-2.19.so
7f42ab597000-7f42ab598000 r--p 0000a000 08:07 398239                     /lib/x86_64-linux-gnu/libnss_nis-2.19.so
7f42ab598000-7f42ab599000 rw-p 0000b000 08:07 398239                     /lib/x86_64-linux-gnu/libnss_nis-2.19.so
7f42ab599000-7f42ab5b0000 r-xp 00000000 08:07 398223                     /lib/x86_64-linux-gnu/libnsl-2.19.so
7f42ab5b0000-7f42ab7af000 ---p 00017000 08:07 398223                     /lib/x86_64-linux-gnu/libnsl-2.19.so
7f42ab7af000-7f42ab7b0000 r--p 00016000 08:07 398223                     /lib/x86_64-linux-gnu/libnsl-2.19.so
7f42ab7b0000-7f42ab7b1000 rw-p 00017000 08:07 398223                     /lib/x86_64-linux-gnu/libnsl-2.19.so
7f42ab7b1000-7f42ab7b3000 rw-p 00000000 00:00 0 
7f42ab7b3000-7f42ab7bc000 r-xp 00000000 08:07 398225                     /lib/x86_64-linux-gnu/libnss_compat-2.19.so
7f42ab7bc000-7f42ab9bb000 ---p 00009000 08:07 398225                     /lib/x86_64-linux-gnu/libnss_compat-2.19.so
7f42ab9bb000-7f42ab9bc000 r--p 00008000 08:07 398225                     /lib/x86_64-linux-gnu/libnss_compat-2.19.so
7f42ab9bc000-7f42ab9bd000 rw-p 00009000 08:07 398225                     /lib/x86_64-linux-gnu/libnss_compat-2.19.so
7f42ab9bd000-7f42ab9e7000 r-xp 00000000 08:07 666001                     /usr/lib/jvm/java-8-oracle/jre/lib/amd64/libjava.so
7f42ab9e7000-7f42abbe7000 ---p 0002a000 08:07 666001                     /usr/lib/jvm/java-8-oracle/jre/lib/amd64/libjava.so
7f42abbe7000-7f42abbe9000 rw-p 0002a000 08:07 666001                     /usr/lib/jvm/java-8-oracle/jre/lib/amd64/libjava.so
7f42abbe9000-7f42abbf6000 r-xp 00000000 08:07 666037                     /usr/lib/jvm/java-8-oracle/jre/lib/amd64/libverify.so
7f42abbf6000-7f42abdf6000 ---p 0000d000 08:07 666037                     /usr/lib/jvm/java-8-oracle/jre/lib/amd64/libverify.so
7f42abdf6000-7f42abdf8000 rw-p 0000d000 08:07 666037                     /usr/lib/jvm/java-8-oracle/jre/lib/amd64/libverify.so
7f42abdf8000-7f42abdff000 r-xp 00000000 08:07 398282                     /lib/x86_64-linux-gnu/librt-2.19.so
7f42abdff000-7f42abffe000 ---p 00007000 08:07 398282                     /lib/x86_64-linux-gnu/librt-2.19.so
7f42abffe000-7f42abfff000 r--p 00006000 08:07 398282                     /lib/x86_64-linux-gnu/librt-2.19.so
7f42abfff000-7f42ac000000 rw-p 00007000 08:07 398282                     /lib/x86_64-linux-gnu/librt-2.19.so
7f42ac000000-7f42ac38b000 rw-p 00000000 00:00 0 
7f42ac38b000-7f42b0000000 ---p 00000000 00:00 0 
7f42b000c000-7f42b001b000 r--s 000df000 08:07 141925                     /home/zeengoone/Android/Sdk/build-tools/23.0.1/lib/dx.jar
7f42b001b000-7f42b00f4000 rw-p 00000000 00:00 0 
7f42b00f4000-7f42b01f9000 r-xp 00000000 08:07 398204                     /lib/x86_64-linux-gnu/libm-2.19.so
7f42b01f9000-7f42b03f8000 ---p 00105000 08:07 398204                     /lib/x86_64-linux-gnu/libm-2.19.so
7f42b03f8000-7f42b03f9000 r--p 00104000 08:07 398204                     /lib/x86_64-linux-gnu/libm-2.19.so
7f42b03f9000-7f42b03fa000 rw-p 00105000 08:07 398204                     /lib/x86_64-linux-gnu/libm-2.19.so
7f42b03fa000-7f42b10b8000 r-xp 00000000 08:07 665918                     /usr/lib/jvm/java-8-oracle/jre/lib/amd64/server/libjvm.so
7f42b10b8000-7f42b12b7000 ---p 00cbe000 08:07 665918                     /usr/lib/jvm/java-8-oracle/jre/lib/amd64/server/libjvm.so
7f42b12b7000-7f42b1390000 rw-p 00cbd000 08:07 665918                     /usr/lib/jvm/java-8-oracle/jre/lib/amd64/server/libjvm.so
7f42b1390000-7f42b13d4000 rw-p 00000000 00:00 0 
7f42b13d4000-7f42b158f000 r-xp 00000000 08:07 398153                     /lib/x86_64-linux-gnu/libc-2.19.so
7f42b158f000-7f42b178e000 ---p 001bb000 08:07 398153                     /lib/x86_64-linux-gnu/libc-2.19.so
7f42b178e000-7f42b1792000 r--p 001ba000 08:07 398153                     /lib/x86_64-linux-gnu/libc-2.19.so
7f42b1792000-7f42b1794000 rw-p 001be000 08:07 398153                     /lib/x86_64-linux-gnu/libc-2.19.so
7f42b1794000-7f42b1799000 rw-p 00000000 00:00 0 
7f42b1799000-7f42b179c000 r-xp 00000000 08:07 398170                     /lib/x86_64-linux-gnu/libdl-2.19.so
7f42b179c000-7f42b199b000 ---p 00003000 08:07 398170                     /lib/x86_64-linux-gnu/libdl-2.19.so
7f42b199b000-7f42b199c000 r--p 00002000 08:07 398170                     /lib/x86_64-linux-gnu/libdl-2.19.so
7f42b199c000-7f42b199d000 rw-p 00003000 08:07 398170                     /lib/x86_64-linux-gnu/libdl-2.19.so
7f42b199d000-7f42b19b2000 r-xp 00000000 08:07 1318190                    /usr/lib/jvm/java-8-oracle/lib/amd64/jli/libjli.so
7f42b19b2000-7f42b1bb2000 ---p 00015000 08:07 1318190                    /usr/lib/jvm/java-8-oracle/lib/amd64/jli/libjli.so
7f42b1bb2000-7f42b1bb3000 rw-p 00015000 08:07 1318190                    /usr/lib/jvm/java-8-oracle/lib/amd64/jli/libjli.so
7f42b1bb3000-7f42b1bcc000 r-xp 00000000 08:07 398274                     /lib/x86_64-linux-gnu/libpthread-2.19.so
7f42b1bcc000-7f42b1dcb000 ---p 00019000 08:07 398274                     /lib/x86_64-linux-gnu/libpthread-2.19.so
7f42b1dcb000-7f42b1dcc000 r--p 00018000 08:07 398274                     /lib/x86_64-linux-gnu/libpthread-2.19.so
7f42b1dcc000-7f42b1dcd000 rw-p 00019000 08:07 398274                     /lib/x86_64-linux-gnu/libpthread-2.19.so
7f42b1dcd000-7f42b1dd1000 rw-p 00000000 00:00 0 
7f42b1dd1000-7f42b1df4000 r-xp 00000000 08:07 398127                     /lib/x86_64-linux-gnu/ld-2.19.so
7f42b1df9000-7f42b1ecb000 rw-p 00000000 00:00 0 
7f42b1ecb000-7f42b1ece000 ---p 00000000 00:00 0 
7f42b1ece000-7f42b1fd0000 rw-p 00000000 00:00 0                          [stack:22493]
7f42b1fd2000-7f42b1fe7000 rw-p 00000000 00:00 0 
7f42b1fe7000-7f42b1fef000 rw-s 00000000 08:07 1579223                    /tmp/hsperfdata_zeengoone/22491
7f42b1fef000-7f42b1ff0000 rw-p 00000000 00:00 0 
7f42b1ff0000-7f42b1ff1000 ---p 00000000 00:00 0 
7f42b1ff1000-7f42b1ff3000 rw-p 00000000 00:00 0 
7f42b1ff3000-7f42b1ff4000 r--p 00022000 08:07 398127                     /lib/x86_64-linux-gnu/ld-2.19.so
7f42b1ff4000-7f42b1ff5000 rw-p 00023000 08:07 398127                     /lib/x86_64-linux-gnu/ld-2.19.so
7f42b1ff5000-7f42b1ff6000 rw-p 00000000 00:00 0 
7fff0714e000-7fff0716f000 rw-p 00000000 00:00 0                          [stack]
7fff071b1000-7fff071b3000 r-xp 00000000 00:00 0                          [vdso]
7fff071b3000-7fff071b5000 r--p 00000000 00:00 0                          [vvar]
ffffffffff600000-ffffffffff601000 r-xp 00000000 00:00 0                  [vsyscall]

VM Arguments:
jvm_args: -Djava.awt.headless=true -Xmx1024M -Dfile.encoding=UTF-8 -Duser.country=US -Duser.language=en -Duser.variant 
java_command: com.android.dx.command.Main --dex --num-threads=4 --output /home/zeengoone/AndroidStudioProjects/PlanPenny/PlanPenny_v0.4/app/build/intermediates/pre-dexed/debug/com.android.support-support-v4-23.1.1_9674009d61ef5847c100f726c8f33ff3d4bcbfc6.jar /home/zeengoone/AndroidStudioProjects/PlanPenny/PlanPenny_v0.4/app/build/intermediates/exploded-aar/com.android.support/support-v4/23.1.1/jars/classes.jar
java_class_path (initial): /home/zeengoone/Android/Sdk/build-tools/23.0.1/lib/dx.jar
Launcher Type: SUN_STANDARD

Environment Variables:
JAVA_HOME=/usr/lib/jvm/java-8-oracle
PATH=/usr/local/sbin:/usr/local/bin:/usr/sbin:/usr/bin:/sbin:/bin:/usr/games:/usr/local/games:/usr/lib/jvm/java-8-oracle/bin:/usr/lib/jvm/java-8-oracle/db/bin:/usr/lib/jvm/java-8-oracle/jre/bin
USERNAME=zeengoone
LD_LIBRARY_PATH=/opt/android-studio/bin:
SHELL=/bin/bash
DISPLAY=:0.0

Signal Handlers:
SIGSEGV: [libjvm.so+0xaba2a0], sa_mask[0]=11111111011111111101111111111110, sa_flags=SA_RESTART|SA_SIGINFO
SIGBUS: [libjvm.so+0xaba2a0], sa_mask[0]=11111111011111111101111111111110, sa_flags=SA_RESTART|SA_SIGINFO
SIGFPE: [libjvm.so+0x917710], sa_mask[0]=11111111011111111101111111111110, sa_flags=SA_RESTART|SA_SIGINFO
SIGPIPE: [libjvm.so+0x917710], sa_mask[0]=11111111011111111101111111111110, sa_flags=SA_RESTART|SA_SIGINFO
SIGXFSZ: [libjvm.so+0x917710], sa_mask[0]=11111111011111111101111111111110, sa_flags=SA_RESTART|SA_SIGINFO
SIGILL: [libjvm.so+0x917710], sa_mask[0]=11111111011111111101111111111110, sa_flags=SA_RESTART|SA_SIGINFO
SIGUSR1: SIG_DFL, sa_mask[0]=00000000000000000000000000000000, sa_flags=none
SIGUSR2: [libjvm.so+0x918d40], sa_mask[0]=00100000000000000000000000000000, sa_flags=SA_RESTART|SA_SIGINFO
SIGHUP: [libjvm.so+0x91a140], sa_mask[0]=11111111011111111101111111111110, sa_flags=SA_RESTART|SA_SIGINFO
SIGINT: [libjvm.so+0x91a140], sa_mask[0]=11111111011111111101111111111110, sa_flags=SA_RESTART|SA_SIGINFO
SIGTERM: [libjvm.so+0x91a140], sa_mask[0]=11111111011111111101111111111110, sa_flags=SA_RESTART|SA_SIGINFO
SIGQUIT: [libjvm.so+0x91a140], sa_mask[0]=11111111011111111101111111111110, sa_flags=SA_RESTART|SA_SIGINFO


---------------  S Y S T E M  ---------------

OS:DISTRIB_ID=LinuxMint
DISTRIB_RELEASE=17.2
DISTRIB_CODENAME=rafaela
DISTRIB_DESCRIPTION="Linux Mint 17.2 Rafaela"

uname:Linux 3.16.0-38-generic #52~14.04.1-Ubuntu SMP Fri May 8 09:43:57 UTC 2015 x86_64
libc:glibc 2.19 NPTL 2.19 
rlimit: STACK 8192k, CORE 0k, NPROC 31059, NOFILE 4096, AS infinity
load average:2.44 1.67 1.60

/proc/meminfo:
MemTotal:        8074804 kB
MemFree:          162720 kB
MemAvailable:     151444 kB
Buffers:            3480 kB
Cached:          2694072 kB
SwapCached:            0 kB
Active:          5186364 kB
Inactive:        2479068 kB
Active(anon):    5134680 kB
Inactive(anon):  2430824 kB
Active(file):      51684 kB
Inactive(file):    48244 kB
Unevictable:          16 kB
Mlocked:              16 kB
SwapTotal:             0 kB
SwapFree:              0 kB
Dirty:               124 kB
Writeback:             0 kB
AnonPages:       4967848 kB
Mapped:           976572 kB
Shmem:           2597884 kB
Slab:              98628 kB
SReclaimable:      46448 kB
SUnreclaim:        52180 kB
KernelStack:       12032 kB
PageTables:        46656 kB
NFS_Unstable:          0 kB
Bounce:                0 kB
WritebackTmp:          0 kB
CommitLimit:     4037400 kB
Committed_AS:   13591464 kB
VmallocTotal:   34359738367 kB
VmallocUsed:      636936 kB
VmallocChunk:   34359076000 kB
HardwareCorrupted:     0 kB
AnonHugePages:   2496512 kB
HugePages_Total:       0
HugePages_Free:        0
HugePages_Rsvd:        0
HugePages_Surp:        0
Hugepagesize:       2048 kB
DirectMap4k:       78884 kB
DirectMap2M:     4014080 kB
DirectMap1G:     4194304 kB


CPU:total 4 (2 cores per cpu, 2 threads per core) family 6 model 61 stepping 4, cmov, cx8, fxsr, mmx, sse, sse2, sse3, ssse3, sse4.1, sse4.2, popcnt, avx, avx2, aes, clmul, erms, 3dnowpref, lzcnt, ht, tsc, tscinvbit, bmi1, bmi2, adx

/proc/cpuinfo:
processor	: 0
vendor_id	: GenuineIntel
cpu family	: 6
model		: 61
model name	: Intel(R) Core(TM) i7-5500U CPU @ 2.40GHz
stepping	: 4
microcode	: 0x1f
cpu MHz		: 2899.968
cache size	: 4096 KB
physical id	: 0
siblings	: 4
core id		: 0
cpu cores	: 2
apicid		: 0
initial apicid	: 0
fpu		: yes
fpu_exception	: yes
cpuid level	: 20
wp		: yes
flags		: fpu vme de pse tsc msr pae mce cx8 apic sep mtrr pge mca cmov pat pse36 clflush dts acpi mmx fxsr sse sse2 ss ht tm pbe syscall nx pdpe1gb rdtscp lm constant_tsc arch_perfmon pebs bts rep_good nopl xtopology nonstop_tsc aperfmperf eagerfpu pni pclmulqdq dtes64 monitor ds_cpl vmx est tm2 ssse3 fma cx16 xtpr pdcm pcid sse4_1 sse4_2 x2apic movbe popcnt tsc_deadline_timer aes xsave avx f16c rdrand lahf_lm abm 3dnowprefetch ida arat epb xsaveopt pln pts dtherm tpr_shadow vnmi flexpriority ept vpid fsgsbase tsc_adjust bmi1 avx2 smep bmi2 erms invpcid rdseed adx smap
bogomips	: 4788.95
clflush size	: 64
cache_alignment	: 64
address sizes	: 39 bits physical, 48 bits virtual
power management:

processor	: 1
vendor_id	: GenuineIntel
cpu family	: 6
model		: 61
model name	: Intel(R) Core(TM) i7-5500U CPU @ 2.40GHz
stepping	: 4
microcode	: 0x1f
cpu MHz		: 2899.968
cache size	: 4096 KB
physical id	: 0
siblings	: 4
core id		: 0
cpu cores	: 2
apicid		: 1
initial apicid	: 1
fpu		: yes
fpu_exception	: yes
cpuid level	: 20
wp		: yes
flags		: fpu vme de pse tsc msr pae mce cx8 apic sep mtrr pge mca cmov pat pse36 clflush dts acpi mmx fxsr sse sse2 ss ht tm pbe syscall nx pdpe1gb rdtscp lm constant_tsc arch_perfmon pebs bts rep_good nopl xtopology nonstop_tsc aperfmperf eagerfpu pni pclmulqdq dtes64 monitor ds_cpl vmx est tm2 ssse3 fma cx16 xtpr pdcm pcid sse4_1 sse4_2 x2apic movbe popcnt tsc_deadline_timer aes xsave avx f16c rdrand lahf_lm abm 3dnowprefetch ida arat epb xsaveopt pln pts dtherm tpr_shadow vnmi flexpriority ept vpid fsgsbase tsc_adjust bmi1 avx2 smep bmi2 erms invpcid rdseed adx smap
bogomips	: 4788.95
clflush size	: 64
cache_alignment	: 64
address sizes	: 39 bits physical, 48 bits virtual
power management:

processor	: 2
vendor_id	: GenuineIntel
cpu family	: 6
model		: 61
model name	: Intel(R) Core(TM) i7-5500U CPU @ 2.40GHz
stepping	: 4
microcode	: 0x1f
cpu MHz		: 2899.968
cache size	: 4096 KB
physical id	: 0
siblings	: 4
core id		: 1
cpu cores	: 2
apicid		: 2
initial apicid	: 2
fpu		: yes
fpu_exception	: yes
cpuid level	: 20
wp		: yes
flags		: fpu vme de pse tsc msr pae mce cx8 apic sep mtrr pge mca cmov pat pse36 clflush dts acpi mmx fxsr sse sse2 ss ht tm pbe syscall nx pdpe1gb rdtscp lm constant_tsc arch_perfmon pebs bts rep_good nopl xtopology nonstop_tsc aperfmperf eagerfpu pni pclmulqdq dtes64 monitor ds_cpl vmx est tm2 ssse3 fma cx16 xtpr pdcm pcid sse4_1 sse4_2 x2apic movbe popcnt tsc_deadline_timer aes xsave avx f16c rdrand lahf_lm abm 3dnowprefetch ida arat epb xsaveopt pln pts dtherm tpr_shadow vnmi flexpriority ept vpid fsgsbase tsc_adjust bmi1 avx2 smep bmi2 erms invpcid rdseed adx smap
bogomips	: 4788.95
clflush size	: 64
cache_alignment	: 64
address sizes	: 39 bits physical, 48 bits virtual
power management:

processor	: 3
vendor_id	: GenuineIntel
cpu family	: 6
model		: 61
model name	: Intel(R) Core(TM) i7-5500U CPU @ 2.40GHz
stepping	: 4
microcode	: 0x1f
cpu MHz		: 2900.062
cache size	: 4096 KB
physical id	: 0
siblings	: 4
core id		: 1
cpu cores	: 2
apicid		: 3
initial apicid	: 3
fpu		: yes
fpu_exception	: yes
cpuid level	: 20
wp		: yes
flags		: fpu vme de pse tsc msr pae mce cx8 apic sep mtrr pge mca cmov pat pse36 clflush dts acpi mmx fxsr sse sse2 ss ht tm pbe syscall nx pdpe1gb rdtscp lm constant_tsc arch_perfmon pebs bts rep_good nopl xtopology nonstop_tsc aperfmperf eagerfpu pni pclmulqdq dtes64 monitor ds_cpl vmx est tm2 ssse3 fma cx16 xtpr pdcm pcid sse4_1 sse4_2 x2apic movbe popcnt tsc_deadline_timer aes xsave avx f16c rdrand lahf_lm abm 3dnowprefetch ida arat epb xsaveopt pln pts dtherm tpr_shadow vnmi flexpriority ept vpid fsgsbase tsc_adjust bmi1 avx2 smep bmi2 erms invpcid rdseed adx smap
bogomips	: 4788.95
clflush size	: 64
cache_alignment	: 64
address sizes	: 39 bits physical, 48 bits virtual
power management:



Memory: 4k page, physical 8074804k(162720k free), swap 0k(0k free)

vm_info: Java HotSpot(TM) 64-Bit Server VM (25.66-b17) for linux-amd64 JRE (1.8.0_66-b17), built on Oct  6 2015 17:28:34 by "java_re" with gcc 4.3.0 20080428 (Red Hat 4.3.0-8)

time: Sat Dec 12 01:03:26 2015
elapsed time: 6 seconds (0d 0h 0m 6s)

