#
# There is insufficient memory for the Java Runtime Environment to continue.
# Native memory allocation (mmap) failed to map 174063616 bytes for committing reserved memory.
# Possible reasons:
#   The system is out of physical RAM or swap space
#   In 32 bit mode, the process size limit was hit
# Possible solutions:
#   Reduce memory load on the system
#   Increase physical memory or swap space
#   Check if swap backing store is full
#   Use 64 bit Java on a 64 bit OS
#   Decrease Java heap size (-Xmx/-Xms)
#   Decrease number of Java threads
#   Decrease Java thread stack sizes (-Xss)
#   Set larger code cache with -XX:ReservedCodeCacheSize=
# This output file may be truncated or incomplete.
#
#  Out of Memory Error (os_linux.cpp:2627), pid=22239, tid=140700863690496
#
# JRE version: Java(TM) SE Runtime Environment (8.0_66-b17) (build 1.8.0_66-b17)
# Java VM: Java HotSpot(TM) 64-Bit Server VM (25.66-b17 mixed mode linux-amd64 compressed oops)
# Failed to write core dump. Core dumps have been disabled. To enable core dumping, try "ulimit -c unlimited" before starting Java again
#

---------------  T H R E A D  ---------------

Current thread (0x00007ff788078000):  VMThread [stack: 0x00007ff778eff000,0x00007ff779000000] [id=22266]

Stack: [0x00007ff778eff000,0x00007ff779000000],  sp=0x00007ff778ffe160,  free space=1020k
Native frames: (J=compiled Java code, j=interpreted, Vv=VM code, C=native code)
V  [libjvm.so+0xab9a1a]  VMError::report_and_die()+0x2ba
V  [libjvm.so+0x4f9e0b]  report_vm_out_of_memory(char const*, int, unsigned long, VMErrorType, char const*)+0x8b
V  [libjvm.so+0x91a8a3]  os::Linux::commit_memory_impl(char*, unsigned long, bool)+0x103
V  [libjvm.so+0x91adf9]  os::pd_commit_memory(char*, unsigned long, unsigned long, bool)+0x29
V  [libjvm.so+0x91510a]  os::commit_memory(char*, unsigned long, unsigned long, bool)+0x2a
V  [libjvm.so+0x9887a3]  PSVirtualSpace::expand_by(unsigned long)+0x53
V  [libjvm.so+0x989ba8]  PSYoungGen::resize_generation(unsigned long, unsigned long)+0xf8
V  [libjvm.so+0x988d02]  PSYoungGen::resize(unsigned long, unsigned long)+0x22
V  [libjvm.so+0x985fdb]  PSScavenge::invoke_no_policy()+0xf3b
V  [libjvm.so+0x986761]  PSScavenge::invoke()+0x41
V  [libjvm.so+0x93e500]  ParallelScavengeHeap::failed_mem_allocate(unsigned long)+0x70
V  [libjvm.so+0xabb437]  VM_ParallelGCFailedAllocation::doit()+0x97
V  [libjvm.so+0xac2e65]  VM_Operation::evaluate()+0x55
V  [libjvm.so+0xac123a]  VMThread::evaluate_operation(VM_Operation*)+0xba
V  [libjvm.so+0xac15be]  VMThread::loop()+0x1ce
V  [libjvm.so+0xac1a30]  VMThread::run()+0x70
V  [libjvm.so+0x91cc68]  java_start(Thread*)+0x108

VM_Operation (0x00007ff7916f4620): ParallelGCFailedAllocation, mode: safepoint, requested by thread 0x00007ff78800a000


---------------  P R O C E S S  ---------------

Java Threads: ( => current thread )
  0x00007ff7881a2000 JavaThread "pool-1-thread-4" [_thread_blocked, id=22318, stack(0x00007ff771eff000,0x00007ff772000000)]
  0x00007ff7881a0800 JavaThread "pool-1-thread-3" [_thread_blocked, id=22317, stack(0x00007ff77802a000,0x00007ff77812b000)]
  0x00007ff78819f000 JavaThread "pool-1-thread-2" [_thread_blocked, id=22314, stack(0x00007ff77812b000,0x00007ff77822c000)]
  0x00007ff78819b000 JavaThread "pool-2-thread-1" [_thread_blocked, id=22313, stack(0x00007ff77822c000,0x00007ff77832d000)]
  0x00007ff788193800 JavaThread "pool-1-thread-1" [_thread_blocked, id=22308, stack(0x00007ff77832d000,0x00007ff77842e000)]
  0x00007ff7880c2000 JavaThread "Service Thread" daemon [_thread_blocked, id=22297, stack(0x00007ff77852f000,0x00007ff778630000)]
  0x00007ff7880bd000 JavaThread "C1 CompilerThread2" daemon [_thread_blocked, id=22296, stack(0x00007ff778630000,0x00007ff778731000)]
  0x00007ff7880bb800 JavaThread "C2 CompilerThread1" daemon [_thread_in_native, id=22295, stack(0x00007ff778731000,0x00007ff778832000)]
  0x00007ff7880b8800 JavaThread "C2 CompilerThread0" daemon [_thread_in_native, id=22294, stack(0x00007ff778832000,0x00007ff778933000)]
  0x00007ff7880b7000 JavaThread "Signal Dispatcher" daemon [_thread_blocked, id=22293, stack(0x00007ff778933000,0x00007ff778a34000)]
  0x00007ff78807f000 JavaThread "Finalizer" daemon [_thread_blocked, id=22273, stack(0x00007ff778cfd000,0x00007ff778dfe000)]
  0x00007ff78807d000 JavaThread "Reference Handler" daemon [_thread_blocked, id=22269, stack(0x00007ff778dfe000,0x00007ff778eff000)]
  0x00007ff78800a000 JavaThread "main" [_thread_blocked, id=22245, stack(0x00007ff7915f6000,0x00007ff7916f7000)]

Other Threads:
=>0x00007ff788078000 VMThread [stack: 0x00007ff778eff000,0x00007ff779000000] [id=22266]
  0x00007ff7880c4800 WatcherThread [stack: 0x00007ff77842e000,0x00007ff77852f000] [id=22298]

VM state:at safepoint (normal execution)

VM Mutex/Monitor currently owned by a thread:  ([mutex/lock_event])
[0x00007ff788006550] Threads_lock - owner thread: 0x00007ff788078000
[0x00007ff788006a50] Heap_lock - owner thread: 0x00007ff78800a000

Heap:
 PSYoungGen      total 132096K, used 5092K [0x00000000eab00000, 0x00000000f3100000, 0x0000000100000000)
  eden space 126976K, 0% used [0x00000000eab00000,0x00000000eab00000,0x00000000f2700000)
  from space 5120K, 99% used [0x00000000f2700000,0x00000000f2bf91a0,0x00000000f2c00000)
  to   space 5120K, 0% used [0x00000000f2c00000,0x00000000f2c00000,0x00000000f3100000)
 ParOldGen       total 84992K, used 45301K [0x00000000c0000000, 0x00000000c5300000, 0x00000000eab00000)
  object space 84992K, 53% used [0x00000000c0000000,0x00000000c2c3d5d0,0x00000000c5300000)
 Metaspace       used 6015K, capacity 7088K, committed 7296K, reserved 1056768K
  class space    used 585K, capacity 616K, committed 640K, reserved 1048576K

Card table byte_map: [0x00007ff78e1c4000,0x00007ff78e3c5000] byte_map_base: 0x00007ff78dbc4000

Marking Bits: (ParMarkBitMap*) 0x00007ff790ad4020
 Begin Bits: [0x00007ff772000000, 0x00007ff773000000)
 End Bits:   [0x00007ff773000000, 0x00007ff774000000)

Polling page: 0x00007ff79171b000

CodeCache: size=245760Kb used=6306Kb max_used=6306Kb free=239453Kb
 bounds [0x00007ff779000000, 0x00007ff779630000, 0x00007ff788000000]
 total_blobs=1897 nmethods=1629 adapters=182
 compilation: enabled

Compilation events (10 events):
Event: 7.595 Thread 0x00007ff7880bd000 1848       2       com.android.dx.ssa.PhiInsn::mapSourceRegisters (78 bytes)
Event: 7.596 Thread 0x00007ff7880bd000 nmethod 1848 0x00007ff779625ad0 code [0x00007ff779625c60, 0x00007ff779626008]
Event: 7.601 Thread 0x00007ff7880bd000 1850       3       com.android.dx.cf.code.Ropper::getRopMethod (64 bytes)
Event: 7.602 Thread 0x00007ff7880bd000 nmethod 1850 0x00007ff7796262d0 code [0x00007ff779626520, 0x00007ff779627278]
Event: 7.602 Thread 0x00007ff7880bd000 1851       2       com.android.dx.rop.code.Rops::opGetStatic (97 bytes)
Event: 7.603 Thread 0x00007ff7880bd000 nmethod 1851 0x00007ff779627b50 code [0x00007ff779627d40, 0x00007ff7796282b8]
Event: 7.603 Thread 0x00007ff7880bd000 1849       2       java.util.ArrayList$SubList::get (23 bytes)
Event: 7.604 Thread 0x00007ff7880bd000 nmethod 1849 0x00007ff7796285d0 code [0x00007ff779628760, 0x00007ff779628a48]
Event: 7.609 Thread 0x00007ff7880bd000 1852       2       com.android.dx.ssa.back.FirstFitLocalCombiningAllocator::processPhiInsn (255 bytes)
Event: 7.611 Thread 0x00007ff7880bd000 nmethod 1852 0x00007ff779628d10 code [0x00007ff779628fc0, 0x00007ff779629b38]

GC Heap History (9 events):
Event: 1.968 GC heap before
{Heap before GC invocations=1 (full 0):
 PSYoungGen      total 36864K, used 31744K [0x00000000eab00000, 0x00000000ed400000, 0x0000000100000000)
  eden space 31744K, 100% used [0x00000000eab00000,0x00000000eca00000,0x00000000eca00000)
  from space 5120K, 0% used [0x00000000ecf00000,0x00000000ecf00000,0x00000000ed400000)
  to   space 5120K, 0% used [0x00000000eca00000,0x00000000eca00000,0x00000000ecf00000)
 ParOldGen       total 84992K, used 0K [0x00000000c0000000, 0x00000000c5300000, 0x00000000eab00000)
  object space 84992K, 0% used [0x00000000c0000000,0x00000000c0000000,0x00000000c5300000)
 Metaspace       used 5651K, capacity 6768K, committed 7040K, reserved 1056768K
  class space    used 581K, capacity 616K, committed 640K, reserved 1048576K
Event: 2.055 GC heap after
Heap after GC invocations=1 (full 0):
 PSYoungGen      total 36864K, used 5098K [0x00000000eab00000, 0x00000000ef300000, 0x0000000100000000)
  eden space 31744K, 0% used [0x00000000eab00000,0x00000000eab00000,0x00000000eca00000)
  from space 5120K, 99% used [0x00000000eca00000,0x00000000ecefaaa8,0x00000000ecf00000)
  to   space 5120K, 0% used [0x00000000eee00000,0x00000000eee00000,0x00000000ef300000)
 ParOldGen       total 84992K, used 1428K [0x00000000c0000000, 0x00000000c5300000, 0x00000000eab00000)
  object space 84992K, 1% used [0x00000000c0000000,0x00000000c01651f8,0x00000000c5300000)
 Metaspace       used 5651K, capacity 6768K, committed 7040K, reserved 1056768K
  class space    used 581K, capacity 616K, committed 640K, reserved 1048576K
}
Event: 2.852 GC heap before
{Heap before GC invocations=2 (full 0):
 PSYoungGen      total 36864K, used 36842K [0x00000000eab00000, 0x00000000ef300000, 0x0000000100000000)
  eden space 31744K, 100% used [0x00000000eab00000,0x00000000eca00000,0x00000000eca00000)
  from space 5120K, 99% used [0x00000000eca00000,0x00000000ecefaaa8,0x00000000ecf00000)
  to   space 5120K, 0% used [0x00000000eee00000,0x00000000eee00000,0x00000000ef300000)
 ParOldGen       total 84992K, used 1428K [0x00000000c0000000, 0x00000000c5300000, 0x00000000eab00000)
  object space 84992K, 1% used [0x00000000c0000000,0x00000000c01651f8,0x00000000c5300000)
 Metaspace       used 5744K, capacity 6832K, committed 7040K, reserved 1056768K
  class space    used 584K, capacity 616K, committed 640K, reserved 1048576K
Event: 2.941 GC heap after
Heap after GC invocations=2 (full 0):
 PSYoungGen      total 68608K, used 5095K [0x00000000eab00000, 0x00000000ef300000, 0x0000000100000000)
  eden space 63488K, 0% used [0x00000000eab00000,0x00000000eab00000,0x00000000ee900000)
  from space 5120K, 99% used [0x00000000eee00000,0x00000000ef2f9c78,0x00000000ef300000)
  to   space 5120K, 0% used [0x00000000ee900000,0x00000000ee900000,0x00000000eee00000)
 ParOldGen       total 84992K, used 5737K [0x00000000c0000000, 0x00000000c5300000, 0x00000000eab00000)
  object space 84992K, 6% used [0x00000000c0000000,0x00000000c059a7b8,0x00000000c5300000)
 Metaspace       used 5744K, capacity 6832K, committed 7040K, reserved 1056768K
  class space    used 584K, capacity 616K, committed 640K, reserved 1048576K
}
Event: 4.432 GC heap before
{Heap before GC invocations=3 (full 0):
 PSYoungGen      total 68608K, used 68583K [0x00000000eab00000, 0x00000000ef300000, 0x0000000100000000)
  eden space 63488K, 100% used [0x00000000eab00000,0x00000000ee900000,0x00000000ee900000)
  from space 5120K, 99% used [0x00000000eee00000,0x00000000ef2f9c78,0x00000000ef300000)
  to   space 5120K, 0% used [0x00000000ee900000,0x00000000ee900000,0x00000000eee00000)
 ParOldGen       total 84992K, used 5737K [0x00000000c0000000, 0x00000000c5300000, 0x00000000eab00000)
  object space 84992K, 6% used [0x00000000c0000000,0x00000000c059a7b8,0x00000000c5300000)
 Metaspace       used 5810K, capacity 6896K, committed 7040K, reserved 1056768K
  class space    used 584K, capacity 616K, committed 640K, reserved 1048576K
Event: 5.192 GC heap after
Heap after GC invocations=3 (full 0):
 PSYoungGen      total 68608K, used 5104K [0x00000000eab00000, 0x00000000f3100000, 0x0000000100000000)
  eden space 63488K, 0% used [0x00000000eab00000,0x00000000eab00000,0x00000000ee900000)
  from space 5120K, 99% used [0x00000000ee900000,0x00000000eedfc3b0,0x00000000eee00000)
  to   space 5120K, 0% used [0x00000000f2c00000,0x00000000f2c00000,0x00000000f3100000)
 ParOldGen       total 84992K, used 15363K [0x00000000c0000000, 0x00000000c5300000, 0x00000000eab00000)
  object space 84992K, 18% used [0x00000000c0000000,0x00000000c0f00fc8,0x00000000c5300000)
 Metaspace       used 5810K, capacity 6896K, committed 7040K, reserved 1056768K
  class space    used 584K, capacity 616K, committed 640K, reserved 1048576K
}
Event: 5.830 GC heap before
{Heap before GC invocations=4 (full 0):
 PSYoungGen      total 68608K, used 68592K [0x00000000eab00000, 0x00000000f3100000, 0x0000000100000000)
  eden space 63488K, 100% used [0x00000000eab00000,0x00000000ee900000,0x00000000ee900000)
  from space 5120K, 99% used [0x00000000ee900000,0x00000000eedfc3b0,0x00000000eee00000)
  to   space 5120K, 0% used [0x00000000f2c00000,0x00000000f2c00000,0x00000000f3100000)
 ParOldGen       total 84992K, used 15363K [0x00000000c0000000, 0x00000000c5300000, 0x00000000eab00000)
  object space 84992K, 18% used [0x00000000c0000000,0x00000000c0f00fc8,0x00000000c5300000)
 Metaspace       used 5855K, capacity 6960K, committed 7040K, reserved 1056768K
  class space    used 585K, capacity 616K, committed 640K, reserved 1048576K
Event: 6.004 GC heap after
Heap after GC invocations=4 (full 0):
 PSYoungGen      total 132096K, used 5120K [0x00000000eab00000, 0x00000000f3100000, 0x0000000100000000)
  eden space 126976K, 0% used [0x00000000eab00000,0x00000000eab00000,0x00000000f2700000)
  from space 5120K, 100% used [0x00000000f2c00000,0x00000000f3100000,0x00000000f3100000)
  to   space 5120K, 0% used [0x00000000f2700000,0x00000000f2700000,0x00000000f2c00000)
 ParOldGen       total 84992K, used 26292K [0x00000000c0000000, 0x00000000c5300000, 0x00000000eab00000)
  object space 84992K, 30% used [0x00000000c0000000,0x00000000c19ad158,0x00000000c5300000)
 Metaspace       used 5855K, capacity 6960K, committed 7040K, reserved 1056768K
  class space    used 585K, capacity 616K, committed 640K, reserved 1048576K
}
Event: 7.651 GC heap before
{Heap before GC invocations=5 (full 0):
 PSYoungGen      total 132096K, used 132096K [0x00000000eab00000, 0x00000000f3100000, 0x0000000100000000)
  eden space 126976K, 100% used [0x00000000eab00000,0x00000000f2700000,0x00000000f2700000)
  from space 5120K, 100% used [0x00000000f2c00000,0x00000000f3100000,0x00000000f3100000)
  to   space 5120K, 0% used [0x00000000f2700000,0x00000000f2700000,0x00000000f2c00000)
 ParOldGen       total 84992K, used 26292K [0x00000000c0000000, 0x00000000c5300000, 0x00000000eab00000)
  object space 84992K, 30% used [0x00000000c0000000,0x00000000c19ad158,0x00000000c5300000)
 Metaspace       used 6015K, capacity 7088K, committed 7296K, reserved 1056768K
  class space    used 585K, capacity 616K, committed 640K, reserved 1048576K

Deoptimization events (10 events):
Event: 1.381 Thread 0x00007ff7881a2000 Uncommon trap: reason=unstable_if action=reinterpret pc=0x00007ff779203478 method=java.util.BitSet.ensureCapacity(I)V @ 6
Event: 1.381 Thread 0x00007ff7881a2000 Uncommon trap: reason=unstable_if action=reinterpret pc=0x00007ff779201c4c method=java.util.BitSet.ensureCapacity(I)V @ 6
Event: 1.833 Thread 0x00007ff78800a000 Uncommon trap: reason=unstable_if action=reinterpret pc=0x00007ff7791d2700 method=java.lang.String.replace(CC)Ljava/lang/String; @ 26
Event: 2.174 Thread 0x00007ff78800a000 Uncommon trap: reason=bimorphic action=maybe_recompile pc=0x00007ff77923be58 method=java.util.HashMap.getNode(ILjava/lang/Object;)Ljava/util/HashMap$Node; @ 126
Event: 5.408 Thread 0x00007ff78819f000 Uncommon trap: reason=null_check action=make_not_entrant pc=0x00007ff77938b928 method=com.android.dx.rop.type.Type.equals(Ljava/lang/Object;)Z @ 8
Event: 5.714 Thread 0x00007ff788193800 Uncommon trap: reason=bimorphic action=maybe_recompile pc=0x00007ff77923be58 method=java.util.HashMap.getNode(ILjava/lang/Object;)Ljava/util/HashMap$Node; @ 126
Event: 5.714 Thread 0x00007ff788193800 Uncommon trap: reason=bimorphic action=maybe_recompile pc=0x00007ff7794802c8 method=java.util.HashMap.putVal(ILjava/lang/Object;Ljava/lang/Object;ZZ)Ljava/lang/Object; @ 203
Event: 5.760 Thread 0x00007ff78819f000 Uncommon trap: reason=bimorphic action=maybe_recompile pc=0x00007ff77923be58 method=java.util.HashMap.getNode(ILjava/lang/Object;)Ljava/util/HashMap$Node; @ 126
Event: 5.760 Thread 0x00007ff78819f000 Uncommon trap: reason=unstable_if action=reinterpret pc=0x00007ff77947fc8c method=java.util.HashMap.putVal(ILjava/lang/Object;Ljava/lang/Object;ZZ)Ljava/lang/Object; @ 206
Event: 6.224 Thread 0x00007ff7881a2000 Uncommon trap: reason=bimorphic action=maybe_recompile pc=0x00007ff77923be58 method=java.util.HashMap.getNode(ILjava/lang/Object;)Ljava/util/HashMap$Node; @ 126

Internal exceptions (3 events):
Event: 0.069 Thread 0x00007ff78800a000 Exception <a 'java/lang/NoSuchMethodError': Method sun.misc.Unsafe.defineClass(Ljava/lang/String;[BII)Ljava/lang/Class; name or signature does not match> (0x00000000eab12b98) thrown at [/HUDSON/workspace/8-2-build-linux-amd64/jdk8u66/4988/hotspot/src/shar
Event: 0.069 Thread 0x00007ff78800a000 Exception <a 'java/lang/NoSuchMethodError': Method sun.misc.Unsafe.prefetchRead(Ljava/lang/Object;J)V name or signature does not match> (0x00000000eab12e80) thrown at [/HUDSON/workspace/8-2-build-linux-amd64/jdk8u66/4988/hotspot/src/share/vm/prims/jni.cpp
Event: 5.408 Thread 0x00007ff78819f000 Implicit null exception at 0x00007ff77938b822 to 0x00007ff77938b91b

Events (10 events):
Event: 7.224 Thread 0x00007ff788193800 DEOPT UNPACKING pc=0x00007ff779047633 sp=0x00007ff77842bc28 mode 0
Event: 7.226 Thread 0x00007ff788193800 DEOPT PACKING pc=0x00007ff7794e20ad sp=0x00007ff77842be40
Event: 7.226 Thread 0x00007ff788193800 DEOPT UNPACKING pc=0x00007ff779047633 sp=0x00007ff77842bc10 mode 0
Event: 7.241 Thread 0x00007ff7881a2000 DEOPT PACKING pc=0x00007ff77950cf09 sp=0x00007ff771ffde80
Event: 7.241 Thread 0x00007ff7881a2000 DEOPT UNPACKING pc=0x00007ff779047633 sp=0x00007ff771ffdc60 mode 0
Event: 7.454 Thread 0x00007ff7881a2000 DEOPT PACKING pc=0x00007ff77932431f sp=0x00007ff771ffdcd0
Event: 7.454 Thread 0x00007ff7881a2000 DEOPT UNPACKING pc=0x00007ff779047633 sp=0x00007ff771ffdab8 mode 0
Event: 7.598 Thread 0x00007ff78800a000 DEOPT PACKING pc=0x00007ff7795096da sp=0x00007ff7916f4a60
Event: 7.598 Thread 0x00007ff78800a000 DEOPT UNPACKING pc=0x00007ff779047633 sp=0x00007ff7916f4810 mode 0
Event: 7.650 Executing VM operation: ParallelGCFailedAllocation


Dynamic libraries:
00400000-00401000 r-xp 00000000 08:07 15930                              /usr/lib/jvm/java-8-oracle/bin/java
00600000-00601000 rw-p 00000000 08:07 15930                              /usr/lib/jvm/java-8-oracle/bin/java
00b85000-00ba6000 rw-p 00000000 00:00 0                                  [heap]
c0000000-c5300000 rw-p 00000000 00:00 0 
c5300000-eab00000 ---p 00000000 00:00 0 
eab00000-f3100000 rw-p 00000000 00:00 0 
fd700000-100000000 ---p 00000000 00:00 0 
100000000-1000a0000 rw-p 00000000 00:00 0 
1000a0000-140000000 ---p 00000000 00:00 0 
7ff72c000000-7ff72c024000 rw-p 00000000 00:00 0 
7ff72c024000-7ff730000000 ---p 00000000 00:00 0 
7ff730000000-7ff730021000 rw-p 00000000 00:00 0 
7ff730021000-7ff734000000 ---p 00000000 00:00 0 
7ff734000000-7ff734021000 rw-p 00000000 00:00 0 
7ff734021000-7ff738000000 ---p 00000000 00:00 0 
7ff738000000-7ff738021000 rw-p 00000000 00:00 0 
7ff738021000-7ff73c000000 ---p 00000000 00:00 0 
7ff73c000000-7ff73c021000 rw-p 00000000 00:00 0 
7ff73c021000-7ff740000000 ---p 00000000 00:00 0 
7ff740000000-7ff740035000 rw-p 00000000 00:00 0 
7ff740035000-7ff744000000 ---p 00000000 00:00 0 
7ff744000000-7ff74493f000 rw-p 00000000 00:00 0 
7ff74493f000-7ff748000000 ---p 00000000 00:00 0 
7ff748000000-7ff748021000 rw-p 00000000 00:00 0 
7ff748021000-7ff74c000000 ---p 00000000 00:00 0 
7ff74c000000-7ff74cd52000 rw-p 00000000 00:00 0 
7ff74cd52000-7ff750000000 ---p 00000000 00:00 0 
7ff750000000-7ff750c9a000 rw-p 00000000 00:00 0 
7ff750c9a000-7ff754000000 ---p 00000000 00:00 0 
7ff754000000-7ff754021000 rw-p 00000000 00:00 0 
7ff754021000-7ff758000000 ---p 00000000 00:00 0 
7ff758000000-7ff758021000 rw-p 00000000 00:00 0 
7ff758021000-7ff75c000000 ---p 00000000 00:00 0 
7ff75c000000-7ff75c28c000 rw-p 00000000 00:00 0 
7ff75c28c000-7ff760000000 ---p 00000000 00:00 0 
7ff760000000-7ff760021000 rw-p 00000000 00:00 0 
7ff760021000-7ff764000000 ---p 00000000 00:00 0 
7ff764000000-7ff764021000 rw-p 00000000 00:00 0 
7ff764021000-7ff768000000 ---p 00000000 00:00 0 
7ff768000000-7ff768021000 rw-p 00000000 00:00 0 
7ff768021000-7ff76c000000 ---p 00000000 00:00 0 
7ff76c000000-7ff76c021000 rw-p 00000000 00:00 0 
7ff76c021000-7ff770000000 ---p 00000000 00:00 0 
7ff771eff000-7ff771f02000 ---p 00000000 00:00 0 
7ff771f02000-7ff774000000 rw-p 00000000 00:00 0                          [stack:22318]
7ff774000000-7ff774021000 rw-p 00000000 00:00 0 
7ff774021000-7ff778000000 ---p 00000000 00:00 0 
7ff77802a000-7ff77802d000 ---p 00000000 00:00 0 
7ff77802d000-7ff77812b000 rw-p 00000000 00:00 0                          [stack:22317]
7ff77812b000-7ff77812e000 ---p 00000000 00:00 0 
7ff77812e000-7ff77822c000 rw-p 00000000 00:00 0                          [stack:22314]
7ff77822c000-7ff77822f000 ---p 00000000 00:00 0 
7ff77822f000-7ff77832d000 rw-p 00000000 00:00 0                          [stack:22313]
7ff77832d000-7ff778330000 ---p 00000000 00:00 0 
7ff778330000-7ff77842e000 rw-p 00000000 00:00 0                          [stack:22308]
7ff77842e000-7ff77842f000 ---p 00000000 00:00 0 
7ff77842f000-7ff77852f000 rw-p 00000000 00:00 0                          [stack:22298]
7ff77852f000-7ff778532000 ---p 00000000 00:00 0 
7ff778532000-7ff778630000 rw-p 00000000 00:00 0                          [stack:22297]
7ff778630000-7ff778633000 ---p 00000000 00:00 0 
7ff778633000-7ff778731000 rw-p 00000000 00:00 0                          [stack:22296]
7ff778731000-7ff778734000 ---p 00000000 00:00 0 
7ff778734000-7ff778832000 rw-p 00000000 00:00 0                          [stack:22295]
7ff778832000-7ff778835000 ---p 00000000 00:00 0 
7ff778835000-7ff778933000 rw-p 00000000 00:00 0                          [stack:22294]
7ff778933000-7ff778936000 ---p 00000000 00:00 0 
7ff778936000-7ff778a34000 rw-p 00000000 00:00 0                          [stack:22293]
7ff778a34000-7ff778cfd000 r--p 00000000 08:07 9115                       /usr/lib/locale/locale-archive
7ff778cfd000-7ff778d00000 ---p 00000000 00:00 0 
7ff778d00000-7ff778dfe000 rw-p 00000000 00:00 0                          [stack:22273]
7ff778dfe000-7ff778e01000 ---p 00000000 00:00 0 
7ff778e01000-7ff778eff000 rw-p 00000000 00:00 0                          [stack:22269]
7ff778eff000-7ff778f00000 ---p 00000000 00:00 0 
7ff778f00000-7ff779000000 rw-p 00000000 00:00 0                          [stack:22266]
7ff779000000-7ff779630000 rwxp 00000000 00:00 0 
7ff779630000-7ff788000000 ---p 00000000 00:00 0 
7ff788000000-7ff7883c8000 rw-p 00000000 00:00 0 
7ff7883c8000-7ff78c000000 ---p 00000000 00:00 0 
7ff78c043000-7ff78c058000 r--s 000e5000 08:07 3014681                    /home/zeengoone/AndroidStudioProjects/PlanPenny/PlanPenny_v0.4/app/build/intermediates/exploded-aar/com.android.support/support-v4/23.1.1/jars/classes.jar
7ff78c058000-7ff78c067000 r--s 000df000 08:07 141925                     /home/zeengoone/Android/Sdk/build-tools/23.0.1/lib/dx.jar
7ff78c067000-7ff78d01b000 rw-p 00000000 00:00 0 
7ff78d01b000-7ff78d1f4000 r--s 03d20000 08:07 15892                      /usr/lib/jvm/java-8-oracle/jre/lib/rt.jar
7ff78d1f4000-7ff78d8ea000 rw-p 00000000 00:00 0 
7ff78d8ea000-7ff78da6a000 ---p 00000000 00:00 0 
7ff78da6a000-7ff78dc6a000 rw-p 00000000 00:00 0 
7ff78dc6a000-7ff78dc6b000 ---p 00000000 00:00 0 
7ff78dc6b000-7ff78dd6b000 rw-p 00000000 00:00 0                          [stack:22261]
7ff78dd6b000-7ff78dd6c000 ---p 00000000 00:00 0 
7ff78dd6c000-7ff78de6c000 rw-p 00000000 00:00 0                          [stack:22260]
7ff78de6c000-7ff78de6d000 ---p 00000000 00:00 0 
7ff78de6d000-7ff78df6d000 rw-p 00000000 00:00 0                          [stack:22259]
7ff78df6d000-7ff78df6e000 ---p 00000000 00:00 0 
7ff78df6e000-7ff78e098000 rw-p 00000000 00:00 0                          [stack:22258]
7ff78e098000-7ff78e1c4000 ---p 00000000 00:00 0 
7ff78e1c4000-7ff78e1ee000 rw-p 00000000 00:00 0 
7ff78e1ee000-7ff78e319000 ---p 00000000 00:00 0 
7ff78e319000-7ff78e35d000 rw-p 00000000 00:00 0 
7ff78e35d000-7ff78e3c4000 ---p 00000000 00:00 0 
7ff78e3c4000-7ff78e3de000 rw-p 00000000 00:00 0 
7ff78e3de000-7ff78e785000 ---p 00000000 00:00 0 
7ff78e785000-7ff78e79f000 r-xp 00000000 08:07 666049                     /usr/lib/jvm/java-8-oracle/jre/lib/amd64/libzip.so
7ff78e79f000-7ff78e99f000 ---p 0001a000 08:07 666049                     /usr/lib/jvm/java-8-oracle/jre/lib/amd64/libzip.so
7ff78e99f000-7ff78e9a0000 rw-p 0001a000 08:07 666049                     /usr/lib/jvm/java-8-oracle/jre/lib/amd64/libzip.so
7ff78e9a0000-7ff78e9ab000 r-xp 00000000 08:07 398229                     /lib/x86_64-linux-gnu/libnss_files-2.19.so
7ff78e9ab000-7ff78ebaa000 ---p 0000b000 08:07 398229                     /lib/x86_64-linux-gnu/libnss_files-2.19.so
7ff78ebaa000-7ff78ebab000 r--p 0000a000 08:07 398229                     /lib/x86_64-linux-gnu/libnss_files-2.19.so
7ff78ebab000-7ff78ebac000 rw-p 0000b000 08:07 398229                     /lib/x86_64-linux-gnu/libnss_files-2.19.so
7ff78ebac000-7ff78ebb7000 r-xp 00000000 08:07 398239                     /lib/x86_64-linux-gnu/libnss_nis-2.19.so
7ff78ebb7000-7ff78edb6000 ---p 0000b000 08:07 398239                     /lib/x86_64-linux-gnu/libnss_nis-2.19.so
7ff78edb6000-7ff78edb7000 r--p 0000a000 08:07 398239                     /lib/x86_64-linux-gnu/libnss_nis-2.19.so
7ff78edb7000-7ff78edb8000 rw-p 0000b000 08:07 398239                     /lib/x86_64-linux-gnu/libnss_nis-2.19.so
7ff78edb8000-7ff78edcf000 r-xp 00000000 08:07 398223                     /lib/x86_64-linux-gnu/libnsl-2.19.so
7ff78edcf000-7ff78efce000 ---p 00017000 08:07 398223                     /lib/x86_64-linux-gnu/libnsl-2.19.so
7ff78efce000-7ff78efcf000 r--p 00016000 08:07 398223                     /lib/x86_64-linux-gnu/libnsl-2.19.so
7ff78efcf000-7ff78efd0000 rw-p 00017000 08:07 398223                     /lib/x86_64-linux-gnu/libnsl-2.19.so
7ff78efd0000-7ff78efd2000 rw-p 00000000 00:00 0 
7ff78efd2000-7ff78efdb000 r-xp 00000000 08:07 398225                     /lib/x86_64-linux-gnu/libnss_compat-2.19.so
7ff78efdb000-7ff78f1da000 ---p 00009000 08:07 398225                     /lib/x86_64-linux-gnu/libnss_compat-2.19.so
7ff78f1da000-7ff78f1db000 r--p 00008000 08:07 398225                     /lib/x86_64-linux-gnu/libnss_compat-2.19.so
7ff78f1db000-7ff78f1dc000 rw-p 00009000 08:07 398225                     /lib/x86_64-linux-gnu/libnss_compat-2.19.so
7ff78f1dc000-7ff78f206000 r-xp 00000000 08:07 666001                     /usr/lib/jvm/java-8-oracle/jre/lib/amd64/libjava.so
7ff78f206000-7ff78f406000 ---p 0002a000 08:07 666001                     /usr/lib/jvm/java-8-oracle/jre/lib/amd64/libjava.so
7ff78f406000-7ff78f408000 rw-p 0002a000 08:07 666001                     /usr/lib/jvm/java-8-oracle/jre/lib/amd64/libjava.so
7ff78f408000-7ff78f415000 r-xp 00000000 08:07 666037                     /usr/lib/jvm/java-8-oracle/jre/lib/amd64/libverify.so
7ff78f415000-7ff78f615000 ---p 0000d000 08:07 666037                     /usr/lib/jvm/java-8-oracle/jre/lib/amd64/libverify.so
7ff78f615000-7ff78f617000 rw-p 0000d000 08:07 666037                     /usr/lib/jvm/java-8-oracle/jre/lib/amd64/libverify.so
7ff78f617000-7ff78f61e000 r-xp 00000000 08:07 398282                     /lib/x86_64-linux-gnu/librt-2.19.so
7ff78f61e000-7ff78f81d000 ---p 00007000 08:07 398282                     /lib/x86_64-linux-gnu/librt-2.19.so
7ff78f81d000-7ff78f81e000 r--p 00006000 08:07 398282                     /lib/x86_64-linux-gnu/librt-2.19.so
7ff78f81e000-7ff78f81f000 rw-p 00007000 08:07 398282                     /lib/x86_64-linux-gnu/librt-2.19.so
7ff78f81f000-7ff78f924000 r-xp 00000000 08:07 398204                     /lib/x86_64-linux-gnu/libm-2.19.so
7ff78f924000-7ff78fb23000 ---p 00105000 08:07 398204                     /lib/x86_64-linux-gnu/libm-2.19.so
7ff78fb23000-7ff78fb24000 r--p 00104000 08:07 398204                     /lib/x86_64-linux-gnu/libm-2.19.so
7ff78fb24000-7ff78fb25000 rw-p 00105000 08:07 398204                     /lib/x86_64-linux-gnu/libm-2.19.so
7ff78fb25000-7ff7907e3000 r-xp 00000000 08:07 665918                     /usr/lib/jvm/java-8-oracle/jre/lib/amd64/server/libjvm.so
7ff7907e3000-7ff7909e2000 ---p 00cbe000 08:07 665918                     /usr/lib/jvm/java-8-oracle/jre/lib/amd64/server/libjvm.so
7ff7909e2000-7ff790abb000 rw-p 00cbd000 08:07 665918                     /usr/lib/jvm/java-8-oracle/jre/lib/amd64/server/libjvm.so
7ff790abb000-7ff790aff000 rw-p 00000000 00:00 0 
7ff790aff000-7ff790cba000 r-xp 00000000 08:07 398153                     /lib/x86_64-linux-gnu/libc-2.19.so
7ff790cba000-7ff790eb9000 ---p 001bb000 08:07 398153                     /lib/x86_64-linux-gnu/libc-2.19.so
7ff790eb9000-7ff790ebd000 r--p 001ba000 08:07 398153                     /lib/x86_64-linux-gnu/libc-2.19.so
7ff790ebd000-7ff790ebf000 rw-p 001be000 08:07 398153                     /lib/x86_64-linux-gnu/libc-2.19.so
7ff790ebf000-7ff790ec4000 rw-p 00000000 00:00 0 
7ff790ec4000-7ff790ec7000 r-xp 00000000 08:07 398170                     /lib/x86_64-linux-gnu/libdl-2.19.so
7ff790ec7000-7ff7910c6000 ---p 00003000 08:07 398170                     /lib/x86_64-linux-gnu/libdl-2.19.so
7ff7910c6000-7ff7910c7000 r--p 00002000 08:07 398170                     /lib/x86_64-linux-gnu/libdl-2.19.so
7ff7910c7000-7ff7910c8000 rw-p 00003000 08:07 398170                     /lib/x86_64-linux-gnu/libdl-2.19.so
7ff7910c8000-7ff7910dd000 r-xp 00000000 08:07 1318190                    /usr/lib/jvm/java-8-oracle/lib/amd64/jli/libjli.so
7ff7910dd000-7ff7912dd000 ---p 00015000 08:07 1318190                    /usr/lib/jvm/java-8-oracle/lib/amd64/jli/libjli.so
7ff7912dd000-7ff7912de000 rw-p 00015000 08:07 1318190                    /usr/lib/jvm/java-8-oracle/lib/amd64/jli/libjli.so
7ff7912de000-7ff7912f7000 r-xp 00000000 08:07 398274                     /lib/x86_64-linux-gnu/libpthread-2.19.so
7ff7912f7000-7ff7914f6000 ---p 00019000 08:07 398274                     /lib/x86_64-linux-gnu/libpthread-2.19.so
7ff7914f6000-7ff7914f7000 r--p 00018000 08:07 398274                     /lib/x86_64-linux-gnu/libpthread-2.19.so
7ff7914f7000-7ff7914f8000 rw-p 00019000 08:07 398274                     /lib/x86_64-linux-gnu/libpthread-2.19.so
7ff7914f8000-7ff7914fc000 rw-p 00000000 00:00 0 
7ff7914fc000-7ff79151f000 r-xp 00000000 08:07 398127                     /lib/x86_64-linux-gnu/ld-2.19.so
7ff791524000-7ff7915f6000 rw-p 00000000 00:00 0 
7ff7915f6000-7ff7915f9000 ---p 00000000 00:00 0 
7ff7915f9000-7ff7916fb000 rw-p 00000000 00:00 0                          [stack:22245]
7ff7916fd000-7ff791712000 rw-p 00000000 00:00 0 
7ff791712000-7ff79171a000 rw-s 00000000 08:07 1579225                    /tmp/hsperfdata_zeengoone/22239
7ff79171a000-7ff79171b000 rw-p 00000000 00:00 0 
7ff79171b000-7ff79171c000 ---p 00000000 00:00 0 
7ff79171c000-7ff79171e000 rw-p 00000000 00:00 0 
7ff79171e000-7ff79171f000 r--p 00022000 08:07 398127                     /lib/x86_64-linux-gnu/ld-2.19.so
7ff79171f000-7ff791720000 rw-p 00023000 08:07 398127                     /lib/x86_64-linux-gnu/ld-2.19.so
7ff791720000-7ff791721000 rw-p 00000000 00:00 0 
7fffb0f0d000-7fffb0f2e000 rw-p 00000000 00:00 0                          [stack]
7fffb0f93000-7fffb0f95000 r-xp 00000000 00:00 0                          [vdso]
7fffb0f95000-7fffb0f97000 r--p 00000000 00:00 0                          [vvar]
ffffffffff600000-ffffffffff601000 r-xp 00000000 00:00 0                  [vsyscall]

VM Arguments:
jvm_args: -Djava.awt.headless=true -Xmx1024M -Dfile.encoding=UTF-8 -Duser.country=US -Duser.language=en -Duser.variant 
java_command: com.android.dx.command.Main --dex --num-threads=4 --output /home/zeengoone/AndroidStudioProjects/PlanPenny/PlanPenny_v0.4/app/build/intermediates/pre-dexed/debug/com.android.support-support-v4-23.1.1_9674009d61ef5847c100f726c8f33ff3d4bcbfc6.jar /home/zeengoone/AndroidStudioProjects/PlanPenny/PlanPenny_v0.4/app/build/intermediates/exploded-aar/com.android.support/support-v4/23.1.1/jars/classes.jar
java_class_path (initial): /home/zeengoone/Android/Sdk/build-tools/23.0.1/lib/dx.jar
Launcher Type: SUN_STANDARD

Environment Variables:
JAVA_HOME=/usr/lib/jvm/java-8-oracle
PATH=/usr/local/sbin:/usr/local/bin:/usr/sbin:/usr/bin:/sbin:/bin:/usr/games:/usr/local/games:/usr/lib/jvm/java-8-oracle/bin:/usr/lib/jvm/java-8-oracle/db/bin:/usr/lib/jvm/java-8-oracle/jre/bin
USERNAME=zeengoone
LD_LIBRARY_PATH=/opt/android-studio/bin:
SHELL=/bin/bash
DISPLAY=:0.0

Signal Handlers:
SIGSEGV: [libjvm.so+0xaba2a0], sa_mask[0]=11111111011111111101111111111110, sa_flags=SA_RESTART|SA_SIGINFO
SIGBUS: [libjvm.so+0xaba2a0], sa_mask[0]=11111111011111111101111111111110, sa_flags=SA_RESTART|SA_SIGINFO
SIGFPE: [libjvm.so+0x917710], sa_mask[0]=11111111011111111101111111111110, sa_flags=SA_RESTART|SA_SIGINFO
SIGPIPE: [libjvm.so+0x917710], sa_mask[0]=11111111011111111101111111111110, sa_flags=SA_RESTART|SA_SIGINFO
SIGXFSZ: [libjvm.so+0x917710], sa_mask[0]=11111111011111111101111111111110, sa_flags=SA_RESTART|SA_SIGINFO
SIGILL: [libjvm.so+0x917710], sa_mask[0]=11111111011111111101111111111110, sa_flags=SA_RESTART|SA_SIGINFO
SIGUSR1: SIG_DFL, sa_mask[0]=00000000000000000000000000000000, sa_flags=none
SIGUSR2: [libjvm.so+0x918d40], sa_mask[0]=00100000000000000000000000000000, sa_flags=SA_RESTART|SA_SIGINFO
SIGHUP: [libjvm.so+0x91a140], sa_mask[0]=11111111011111111101111111111110, sa_flags=SA_RESTART|SA_SIGINFO
SIGINT: [libjvm.so+0x91a140], sa_mask[0]=11111111011111111101111111111110, sa_flags=SA_RESTART|SA_SIGINFO
SIGTERM: [libjvm.so+0x91a140], sa_mask[0]=11111111011111111101111111111110, sa_flags=SA_RESTART|SA_SIGINFO
SIGQUIT: [libjvm.so+0x91a140], sa_mask[0]=11111111011111111101111111111110, sa_flags=SA_RESTART|SA_SIGINFO


---------------  S Y S T E M  ---------------

OS:DISTRIB_ID=LinuxMint
DISTRIB_RELEASE=17.2
DISTRIB_CODENAME=rafaela
DISTRIB_DESCRIPTION="Linux Mint 17.2 Rafaela"

uname:Linux 3.16.0-38-generic #52~14.04.1-Ubuntu SMP Fri May 8 09:43:57 UTC 2015 x86_64
libc:glibc 2.19 NPTL 2.19 
rlimit: STACK 8192k, CORE 0k, NPROC 31059, NOFILE 4096, AS infinity
load average:4.34 2.17 1.71

/proc/meminfo:
MemTotal:        8074804 kB
MemFree:          151940 kB
MemAvailable:     132104 kB
Buffers:            1460 kB
Cached:          2681556 kB
SwapCached:            0 kB
Active:          5207572 kB
Inactive:        2469368 kB
Active(anon):    5161892 kB
Inactive(anon):  2430964 kB
Active(file):      45680 kB
Inactive(file):    38404 kB
Unevictable:          16 kB
Mlocked:              16 kB
SwapTotal:             0 kB
SwapFree:              0 kB
Dirty:               956 kB
Writeback:             0 kB
AnonPages:       4993900 kB
Mapped:           975064 kB
Shmem:           2599028 kB
Slab:              97496 kB
SReclaimable:      45168 kB
SUnreclaim:        52328 kB
KernelStack:       11920 kB
PageTables:        46472 kB
NFS_Unstable:          0 kB
Bounce:                0 kB
WritebackTmp:          0 kB
CommitLimit:     4037400 kB
Committed_AS:   13439360 kB
VmallocTotal:   34359738367 kB
VmallocUsed:      636936 kB
VmallocChunk:   34359076000 kB
HardwareCorrupted:     0 kB
AnonHugePages:   2445312 kB
HugePages_Total:       0
HugePages_Free:        0
HugePages_Rsvd:        0
HugePages_Surp:        0
Hugepagesize:       2048 kB
DirectMap4k:       78884 kB
DirectMap2M:     4014080 kB
DirectMap1G:     4194304 kB


CPU:total 4 (2 cores per cpu, 2 threads per core) family 6 model 61 stepping 4, cmov, cx8, fxsr, mmx, sse, sse2, sse3, ssse3, sse4.1, sse4.2, popcnt, avx, avx2, aes, clmul, erms, 3dnowpref, lzcnt, ht, tsc, tscinvbit, bmi1, bmi2, adx

/proc/cpuinfo:
processor	: 0
vendor_id	: GenuineIntel
cpu family	: 6
model		: 61
model name	: Intel(R) Core(TM) i7-5500U CPU @ 2.40GHz
stepping	: 4
microcode	: 0x1f
cpu MHz		: 2548.031
cache size	: 4096 KB
physical id	: 0
siblings	: 4
core id		: 0
cpu cores	: 2
apicid		: 0
initial apicid	: 0
fpu		: yes
fpu_exception	: yes
cpuid level	: 20
wp		: yes
flags		: fpu vme de pse tsc msr pae mce cx8 apic sep mtrr pge mca cmov pat pse36 clflush dts acpi mmx fxsr sse sse2 ss ht tm pbe syscall nx pdpe1gb rdtscp lm constant_tsc arch_perfmon pebs bts rep_good nopl xtopology nonstop_tsc aperfmperf eagerfpu pni pclmulqdq dtes64 monitor ds_cpl vmx est tm2 ssse3 fma cx16 xtpr pdcm pcid sse4_1 sse4_2 x2apic movbe popcnt tsc_deadline_timer aes xsave avx f16c rdrand lahf_lm abm 3dnowprefetch ida arat epb xsaveopt pln pts dtherm tpr_shadow vnmi flexpriority ept vpid fsgsbase tsc_adjust bmi1 avx2 smep bmi2 erms invpcid rdseed adx smap
bogomips	: 4788.95
clflush size	: 64
cache_alignment	: 64
address sizes	: 39 bits physical, 48 bits virtual
power management:

processor	: 1
vendor_id	: GenuineIntel
cpu family	: 6
model		: 61
model name	: Intel(R) Core(TM) i7-5500U CPU @ 2.40GHz
stepping	: 4
microcode	: 0x1f
cpu MHz		: 2548.031
cache size	: 4096 KB
physical id	: 0
siblings	: 4
core id		: 0
cpu cores	: 2
apicid		: 1
initial apicid	: 1
fpu		: yes
fpu_exception	: yes
cpuid level	: 20
wp		: yes
flags		: fpu vme de pse tsc msr pae mce cx8 apic sep mtrr pge mca cmov pat pse36 clflush dts acpi mmx fxsr sse sse2 ss ht tm pbe syscall nx pdpe1gb rdtscp lm constant_tsc arch_perfmon pebs bts rep_good nopl xtopology nonstop_tsc aperfmperf eagerfpu pni pclmulqdq dtes64 monitor ds_cpl vmx est tm2 ssse3 fma cx16 xtpr pdcm pcid sse4_1 sse4_2 x2apic movbe popcnt tsc_deadline_timer aes xsave avx f16c rdrand lahf_lm abm 3dnowprefetch ida arat epb xsaveopt pln pts dtherm tpr_shadow vnmi flexpriority ept vpid fsgsbase tsc_adjust bmi1 avx2 smep bmi2 erms invpcid rdseed adx smap
bogomips	: 4788.95
clflush size	: 64
cache_alignment	: 64
address sizes	: 39 bits physical, 48 bits virtual
power management:

processor	: 2
vendor_id	: GenuineIntel
cpu family	: 6
model		: 61
model name	: Intel(R) Core(TM) i7-5500U CPU @ 2.40GHz
stepping	: 4
microcode	: 0x1f
cpu MHz		: 2547.750
cache size	: 4096 KB
physical id	: 0
siblings	: 4
core id		: 1
cpu cores	: 2
apicid		: 2
initial apicid	: 2
fpu		: yes
fpu_exception	: yes
cpuid level	: 20
wp		: yes
flags		: fpu vme de pse tsc msr pae mce cx8 apic sep mtrr pge mca cmov pat pse36 clflush dts acpi mmx fxsr sse sse2 ss ht tm pbe syscall nx pdpe1gb rdtscp lm constant_tsc arch_perfmon pebs bts rep_good nopl xtopology nonstop_tsc aperfmperf eagerfpu pni pclmulqdq dtes64 monitor ds_cpl vmx est tm2 ssse3 fma cx16 xtpr pdcm pcid sse4_1 sse4_2 x2apic movbe popcnt tsc_deadline_timer aes xsave avx f16c rdrand lahf_lm abm 3dnowprefetch ida arat epb xsaveopt pln pts dtherm tpr_shadow vnmi flexpriority ept vpid fsgsbase tsc_adjust bmi1 avx2 smep bmi2 erms invpcid rdseed adx smap
bogomips	: 4788.95
clflush size	: 64
cache_alignment	: 64
address sizes	: 39 bits physical, 48 bits virtual
power management:

processor	: 3
vendor_id	: GenuineIntel
cpu family	: 6
model		: 61
model name	: Intel(R) Core(TM) i7-5500U CPU @ 2.40GHz
stepping	: 4
microcode	: 0x1f
cpu MHz		: 2541.750
cache size	: 4096 KB
physical id	: 0
siblings	: 4
core id		: 1
cpu cores	: 2
apicid		: 3
initial apicid	: 3
fpu		: yes
fpu_exception	: yes
cpuid level	: 20
wp		: yes
flags		: fpu vme de pse tsc msr pae mce cx8 apic sep mtrr pge mca cmov pat pse36 clflush dts acpi mmx fxsr sse sse2 ss ht tm pbe syscall nx pdpe1gb rdtscp lm constant_tsc arch_perfmon pebs bts rep_good nopl xtopology nonstop_tsc aperfmperf eagerfpu pni pclmulqdq dtes64 monitor ds_cpl vmx est tm2 ssse3 fma cx16 xtpr pdcm pcid sse4_1 sse4_2 x2apic movbe popcnt tsc_deadline_timer aes xsave avx f16c rdrand lahf_lm abm 3dnowprefetch ida arat epb xsaveopt pln pts dtherm tpr_shadow vnmi flexpriority ept vpid fsgsbase tsc_adjust bmi1 avx2 smep bmi2 erms invpcid rdseed adx smap
bogomips	: 4788.95
clflush size	: 64
cache_alignment	: 64
address sizes	: 39 bits physical, 48 bits virtual
power management:



Memory: 4k page, physical 8074804k(151940k free), swap 0k(0k free)

vm_info: Java HotSpot(TM) 64-Bit Server VM (25.66-b17) for linux-amd64 JRE (1.8.0_66-b17), built on Oct  6 2015 17:28:34 by "java_re" with gcc 4.3.0 20080428 (Red Hat 4.3.0-8)

time: Sat Dec 12 00:56:41 2015
elapsed time: 7 seconds (0d 0h 0m 7s)

