#
# There is insufficient memory for the Java Runtime Environment to continue.
# Native memory allocation (mmap) failed to map 175112192 bytes for committing reserved memory.
# Possible reasons:
#   The system is out of physical RAM or swap space
#   In 32 bit mode, the process size limit was hit
# Possible solutions:
#   Reduce memory load on the system
#   Increase physical memory or swap space
#   Check if swap backing store is full
#   Use 64 bit Java on a 64 bit OS
#   Decrease Java heap size (-Xmx/-Xms)
#   Decrease number of Java threads
#   Decrease Java thread stack sizes (-Xss)
#   Set larger code cache with -XX:ReservedCodeCacheSize=
# This output file may be truncated or incomplete.
#
#  Out of Memory Error (os_linux.cpp:2627), pid=22692, tid=140326550963968
#
# JRE version: Java(TM) SE Runtime Environment (8.0_66-b17) (build 1.8.0_66-b17)
# Java VM: Java HotSpot(TM) 64-Bit Server VM (25.66-b17 mixed mode linux-amd64 compressed oops)
# Failed to write core dump. Core dumps have been disabled. To enable core dumping, try "ulimit -c unlimited" before starting Java again
#

---------------  T H R E A D  ---------------

Current thread (0x00007fa064078000):  VMThread [stack: 0x00007fa052290000,0x00007fa052391000] [id=22734]

Stack: [0x00007fa052290000,0x00007fa052391000],  sp=0x00007fa05238f2e0,  free space=1020k
Native frames: (J=compiled Java code, j=interpreted, Vv=VM code, C=native code)
V  [libjvm.so+0xab9a1a]  VMError::report_and_die()+0x2ba
V  [libjvm.so+0x4f9e0b]  report_vm_out_of_memory(char const*, int, unsigned long, VMErrorType, char const*)+0x8b
V  [libjvm.so+0x91a8a3]  os::Linux::commit_memory_impl(char*, unsigned long, bool)+0x103
V  [libjvm.so+0x91adf9]  os::pd_commit_memory(char*, unsigned long, unsigned long, bool)+0x29
V  [libjvm.so+0x91510a]  os::commit_memory(char*, unsigned long, unsigned long, bool)+0x2a
V  [libjvm.so+0x9887a3]  PSVirtualSpace::expand_by(unsigned long)+0x53
V  [libjvm.so+0x989ba8]  PSYoungGen::resize_generation(unsigned long, unsigned long)+0xf8
V  [libjvm.so+0x988d02]  PSYoungGen::resize(unsigned long, unsigned long)+0x22
V  [libjvm.so+0x985fdb]  PSScavenge::invoke_no_policy()+0xf3b
V  [libjvm.so+0x986761]  PSScavenge::invoke()+0x41
V  [libjvm.so+0x93e500]  ParallelScavengeHeap::failed_mem_allocate(unsigned long)+0x70
V  [libjvm.so+0xabb437]  VM_ParallelGCFailedAllocation::doit()+0x97
V  [libjvm.so+0xac2e65]  VM_Operation::evaluate()+0x55
V  [libjvm.so+0xac123a]  VMThread::evaluate_operation(VM_Operation*)+0xba
V  [libjvm.so+0xac15be]  VMThread::loop()+0x1ce
V  [libjvm.so+0xac1a30]  VMThread::run()+0x70
V  [libjvm.so+0x91cc68]  java_start(Thread*)+0x108

VM_Operation (0x00007fa0515a5ab0): ParallelGCFailedAllocation, mode: safepoint, requested by thread 0x00007fa064136800


---------------  P R O C E S S  ---------------

Java Threads: ( => current thread )
  0x00007fa06413a000 JavaThread "pool-1-thread-4" [_thread_blocked, id=22767, stack(0x00007fa0512a5000,0x00007fa0513a6000)]
  0x00007fa064138000 JavaThread "pool-1-thread-3" [_thread_blocked, id=22766, stack(0x00007fa0513a6000,0x00007fa0514a7000)]
  0x00007fa064136800 JavaThread "pool-1-thread-2" [_thread_blocked, id=22765, stack(0x00007fa0514a7000,0x00007fa0515a8000)]
  0x00007fa064132800 JavaThread "pool-2-thread-1" [_thread_blocked, id=22764, stack(0x00007fa0515a8000,0x00007fa0516a9000)]
  0x00007fa06412b800 JavaThread "pool-1-thread-1" [_thread_blocked, id=22763, stack(0x00007fa0516a9000,0x00007fa0517aa000)]
  0x00007fa0640c2800 JavaThread "Service Thread" daemon [_thread_blocked, id=22749, stack(0x00007fa0518c0000,0x00007fa0519c1000)]
  0x00007fa0640bd800 JavaThread "C1 CompilerThread2" daemon [_thread_blocked, id=22748, stack(0x00007fa0519c1000,0x00007fa051ac2000)]
  0x00007fa0640bb800 JavaThread "C2 CompilerThread1" daemon [_thread_blocked, id=22747, stack(0x00007fa051ac2000,0x00007fa051bc3000)]
  0x00007fa0640b8800 JavaThread "C2 CompilerThread0" daemon [_thread_blocked, id=22745, stack(0x00007fa051bc3000,0x00007fa051cc4000)]
  0x00007fa0640b7000 JavaThread "Signal Dispatcher" daemon [_thread_blocked, id=22744, stack(0x00007fa051cc4000,0x00007fa051dc5000)]
  0x00007fa06407f000 JavaThread "Finalizer" daemon [_thread_blocked, id=22738, stack(0x00007fa05208e000,0x00007fa05218f000)]
  0x00007fa06407d000 JavaThread "Reference Handler" daemon [_thread_blocked, id=22737, stack(0x00007fa05218f000,0x00007fa052290000)]
  0x00007fa06400a000 JavaThread "main" [_thread_blocked, id=22695, stack(0x00007fa06c93e000,0x00007fa06ca3f000)]

Other Threads:
=>0x00007fa064078000 VMThread [stack: 0x00007fa052290000,0x00007fa052391000] [id=22734]
  0x00007fa0640c5000 WatcherThread [stack: 0x00007fa0517bf000,0x00007fa0518c0000] [id=22752]

VM state:at safepoint (normal execution)

VM Mutex/Monitor currently owned by a thread:  ([mutex/lock_event])
[0x00007fa064006550] Threads_lock - owner thread: 0x00007fa064078000
[0x00007fa064006a50] Heap_lock - owner thread: 0x00007fa064136800

Heap:
 PSYoungGen      total 132096K, used 5105K [0x00000000eab00000, 0x00000000f3100000, 0x0000000100000000)
  eden space 126976K, 0% used [0x00000000eab00000,0x00000000eab00000,0x00000000f2700000)
  from space 5120K, 99% used [0x00000000f2700000,0x00000000f2bfc468,0x00000000f2c00000)
  to   space 5120K, 0% used [0x00000000f2c00000,0x00000000f2c00000,0x00000000f3100000)
 ParOldGen       total 84992K, used 46138K [0x00000000c0000000, 0x00000000c5300000, 0x00000000eab00000)
  object space 84992K, 54% used [0x00000000c0000000,0x00000000c2d0ea80,0x00000000c5300000)
 Metaspace       used 6066K, capacity 7090K, committed 7296K, reserved 1056768K
  class space    used 604K, capacity 618K, committed 640K, reserved 1048576K

Card table byte_map: [0x00007fa06950c000,0x00007fa06970d000] byte_map_base: 0x00007fa068f0c000

Marking Bits: (ParMarkBitMap*) 0x00007fa06be1c020
 Begin Bits: [0x00007fa053000000, 0x00007fa054000000)
 End Bits:   [0x00007fa054000000, 0x00007fa055000000)

Polling page: 0x00007fa06ca63000

CodeCache: size=245760Kb used=6077Kb max_used=6077Kb free=239682Kb
 bounds [0x00007fa055000000, 0x00007fa055600000, 0x00007fa064000000]
 total_blobs=1808 nmethods=1540 adapters=182
 compilation: enabled

Compilation events (10 events):
Event: 6.806 Thread 0x00007fa0640bd800 1919       2       com.android.dx.dex.code.RopTranslator::<init> (190 bytes)
Event: 6.816 Thread 0x00007fa0640bd800 nmethod 1919 0x00007fa0555ef790 code [0x00007fa0555ef960, 0x00007fa0555f00d8]
Event: 6.816 Thread 0x00007fa0640bd800 1832       2       com.android.dx.cf.code.ConcreteMethod::<init> (21 bytes)
Event: 6.821 Thread 0x00007fa0640bd800 nmethod 1832 0x00007fa0555f05d0 code [0x00007fa0555f0780, 0x00007fa0555f0ad8]
Event: 6.821 Thread 0x00007fa0640bd800 1947       3       com.android.dx.ssa.back.FirstFitLocalCombiningAllocator::tryMapRegs (110 bytes)
Event: 6.826 Thread 0x00007fa0640bd800 nmethod 1947 0x00007fa0555f0dd0 code [0x00007fa0555f1020, 0x00007fa0555f1d58]
Event: 6.826 Thread 0x00007fa0640bd800 1954       2       java.util.HashMap::getNode (148 bytes)
Event: 6.832 Thread 0x00007fa0640bd800 nmethod 1954 0x00007fa0555f2510 code [0x00007fa0555f26c0, 0x00007fa0555f2b08]
Event: 6.832 Thread 0x00007fa0640bd800 1948   !   2       com.android.dx.rop.code.RegisterSpec::intern (70 bytes)
Event: 6.841 Thread 0x00007fa0640bd800 nmethod 1948 0x00007fa0555f2ed0 code [0x00007fa0555f3080, 0x00007fa0555f35e8]

GC Heap History (9 events):
Event: 1.624 GC heap before
{Heap before GC invocations=1 (full 0):
 PSYoungGen      total 36864K, used 31744K [0x00000000eab00000, 0x00000000ed400000, 0x0000000100000000)
  eden space 31744K, 100% used [0x00000000eab00000,0x00000000eca00000,0x00000000eca00000)
  from space 5120K, 0% used [0x00000000ecf00000,0x00000000ecf00000,0x00000000ed400000)
  to   space 5120K, 0% used [0x00000000eca00000,0x00000000eca00000,0x00000000ecf00000)
 ParOldGen       total 84992K, used 0K [0x00000000c0000000, 0x00000000c5300000, 0x00000000eab00000)
  object space 84992K, 0% used [0x00000000c0000000,0x00000000c0000000,0x00000000c5300000)
 Metaspace       used 5625K, capacity 6768K, committed 7040K, reserved 1056768K
  class space    used 579K, capacity 616K, committed 640K, reserved 1048576K
Event: 1.663 GC heap after
Heap after GC invocations=1 (full 0):
 PSYoungGen      total 36864K, used 5111K [0x00000000eab00000, 0x00000000ef300000, 0x0000000100000000)
  eden space 31744K, 0% used [0x00000000eab00000,0x00000000eab00000,0x00000000eca00000)
  from space 5120K, 99% used [0x00000000eca00000,0x00000000ecefdc78,0x00000000ecf00000)
  to   space 5120K, 0% used [0x00000000eee00000,0x00000000eee00000,0x00000000ef300000)
 ParOldGen       total 84992K, used 1384K [0x00000000c0000000, 0x00000000c5300000, 0x00000000eab00000)
  object space 84992K, 1% used [0x00000000c0000000,0x00000000c015a108,0x00000000c5300000)
 Metaspace       used 5625K, capacity 6768K, committed 7040K, reserved 1056768K
  class space    used 579K, capacity 616K, committed 640K, reserved 1048576K
}
Event: 2.581 GC heap before
{Heap before GC invocations=2 (full 0):
 PSYoungGen      total 36864K, used 36855K [0x00000000eab00000, 0x00000000ef300000, 0x0000000100000000)
  eden space 31744K, 100% used [0x00000000eab00000,0x00000000eca00000,0x00000000eca00000)
  from space 5120K, 99% used [0x00000000eca00000,0x00000000ecefdc78,0x00000000ecf00000)
  to   space 5120K, 0% used [0x00000000eee00000,0x00000000eee00000,0x00000000ef300000)
 ParOldGen       total 84992K, used 1384K [0x00000000c0000000, 0x00000000c5300000, 0x00000000eab00000)
  object space 84992K, 1% used [0x00000000c0000000,0x00000000c015a108,0x00000000c5300000)
 Metaspace       used 5718K, capacity 6832K, committed 7040K, reserved 1056768K
  class space    used 584K, capacity 616K, committed 640K, reserved 1048576K
Event: 2.718 GC heap after
Heap after GC invocations=2 (full 0):
 PSYoungGen      total 68608K, used 5095K [0x00000000eab00000, 0x00000000ef300000, 0x0000000100000000)
  eden space 63488K, 0% used [0x00000000eab00000,0x00000000eab00000,0x00000000ee900000)
  from space 5120K, 99% used [0x00000000eee00000,0x00000000ef2f9c78,0x00000000ef300000)
  to   space 5120K, 0% used [0x00000000ee900000,0x00000000ee900000,0x00000000eee00000)
 ParOldGen       total 84992K, used 5999K [0x00000000c0000000, 0x00000000c5300000, 0x00000000eab00000)
  object space 84992K, 7% used [0x00000000c0000000,0x00000000c05dbc28,0x00000000c5300000)
 Metaspace       used 5718K, capacity 6832K, committed 7040K, reserved 1056768K
  class space    used 584K, capacity 616K, committed 640K, reserved 1048576K
}
Event: 3.881 GC heap before
{Heap before GC invocations=3 (full 0):
 PSYoungGen      total 68608K, used 68583K [0x00000000eab00000, 0x00000000ef300000, 0x0000000100000000)
  eden space 63488K, 100% used [0x00000000eab00000,0x00000000ee900000,0x00000000ee900000)
  from space 5120K, 99% used [0x00000000eee00000,0x00000000ef2f9c78,0x00000000ef300000)
  to   space 5120K, 0% used [0x00000000ee900000,0x00000000ee900000,0x00000000eee00000)
 ParOldGen       total 84992K, used 5999K [0x00000000c0000000, 0x00000000c5300000, 0x00000000eab00000)
  object space 84992K, 7% used [0x00000000c0000000,0x00000000c05dbc28,0x00000000c5300000)
 Metaspace       used 5809K, capacity 6896K, committed 7040K, reserved 1056768K
  class space    used 584K, capacity 616K, committed 640K, reserved 1048576K
Event: 3.962 GC heap after
Heap after GC invocations=3 (full 0):
 PSYoungGen      total 68608K, used 5104K [0x00000000eab00000, 0x00000000f3100000, 0x0000000100000000)
  eden space 63488K, 0% used [0x00000000eab00000,0x00000000eab00000,0x00000000ee900000)
  from space 5120K, 99% used [0x00000000ee900000,0x00000000eedfc3b0,0x00000000eee00000)
  to   space 5120K, 0% used [0x00000000f2c00000,0x00000000f2c00000,0x00000000f3100000)
 ParOldGen       total 84992K, used 15417K [0x00000000c0000000, 0x00000000c5300000, 0x00000000eab00000)
  object space 84992K, 18% used [0x00000000c0000000,0x00000000c0f0e500,0x00000000c5300000)
 Metaspace       used 5809K, capacity 6896K, committed 7040K, reserved 1056768K
  class space    used 584K, capacity 616K, committed 640K, reserved 1048576K
}
Event: 4.865 GC heap before
{Heap before GC invocations=4 (full 0):
 PSYoungGen      total 68608K, used 68592K [0x00000000eab00000, 0x00000000f3100000, 0x0000000100000000)
  eden space 63488K, 100% used [0x00000000eab00000,0x00000000ee900000,0x00000000ee900000)
  from space 5120K, 99% used [0x00000000ee900000,0x00000000eedfc3b0,0x00000000eee00000)
  to   space 5120K, 0% used [0x00000000f2c00000,0x00000000f2c00000,0x00000000f3100000)
 ParOldGen       total 84992K, used 15417K [0x00000000c0000000, 0x00000000c5300000, 0x00000000eab00000)
  object space 84992K, 18% used [0x00000000c0000000,0x00000000c0f0e500,0x00000000c5300000)
 Metaspace       used 5866K, capacity 6960K, committed 7040K, reserved 1056768K
  class space    used 584K, capacity 616K, committed 640K, reserved 1048576K
Event: 5.107 GC heap after
Heap after GC invocations=4 (full 0):
 PSYoungGen      total 132096K, used 5117K [0x00000000eab00000, 0x00000000f3100000, 0x0000000100000000)
  eden space 126976K, 0% used [0x00000000eab00000,0x00000000eab00000,0x00000000f2700000)
  from space 5120K, 99% used [0x00000000f2c00000,0x00000000f30ff5a0,0x00000000f3100000)
  to   space 5120K, 0% used [0x00000000f2700000,0x00000000f2700000,0x00000000f2c00000)
 ParOldGen       total 84992K, used 26176K [0x00000000c0000000, 0x00000000c5300000, 0x00000000eab00000)
  object space 84992K, 30% used [0x00000000c0000000,0x00000000c19903b0,0x00000000c5300000)
 Metaspace       used 5866K, capacity 6960K, committed 7040K, reserved 1056768K
  class space    used 584K, capacity 616K, committed 640K, reserved 1048576K
}
Event: 6.861 GC heap before
{Heap before GC invocations=5 (full 0):
 PSYoungGen      total 132096K, used 132093K [0x00000000eab00000, 0x00000000f3100000, 0x0000000100000000)
  eden space 126976K, 100% used [0x00000000eab00000,0x00000000f2700000,0x00000000f2700000)
  from space 5120K, 99% used [0x00000000f2c00000,0x00000000f30ff5a0,0x00000000f3100000)
  to   space 5120K, 0% used [0x00000000f2700000,0x00000000f2700000,0x00000000f2c00000)
 ParOldGen       total 84992K, used 26176K [0x00000000c0000000, 0x00000000c5300000, 0x00000000eab00000)
  object space 84992K, 30% used [0x00000000c0000000,0x00000000c19903b0,0x00000000c5300000)
 Metaspace       used 6066K, capacity 7090K, committed 7296K, reserved 1056768K
  class space    used 604K, capacity 618K, committed 640K, reserved 1048576K

Deoptimization events (10 events):
Event: 1.871 Thread 0x00007fa06412b800 Uncommon trap: reason=unstable_if action=reinterpret pc=0x00007fa0551c85c0 method=java.lang.String.replace(CC)Ljava/lang/String; @ 26
Event: 1.889 Thread 0x00007fa06413a000 Uncommon trap: reason=null_check action=make_not_entrant pc=0x00007fa0552ab0dc method=com.android.dx.ssa.SsaRenamer.getLocalForNewReg(I)Lcom/android/dx/rop/code/LocalItem; @ 19
Event: 2.057 Thread 0x00007fa06412b800 Uncommon trap: reason=bimorphic action=maybe_recompile pc=0x00007fa0552954a0 method=java.util.HashMap.getNode(ILjava/lang/Object;)Ljava/util/HashMap$Node; @ 126
Event: 4.211 Thread 0x00007fa06412b800 Uncommon trap: reason=null_check action=make_not_entrant pc=0x00007fa055375768 method=com.android.dx.rop.type.Type.equals(Ljava/lang/Object;)Z @ 8
Event: 4.603 Thread 0x00007fa064138000 Uncommon trap: reason=bimorphic action=maybe_recompile pc=0x00007fa0552954a0 method=java.util.HashMap.getNode(ILjava/lang/Object;)Ljava/util/HashMap$Node; @ 126
Event: 4.735 Thread 0x00007fa06412b800 Uncommon trap: reason=bimorphic action=maybe_recompile pc=0x00007fa0552954a0 method=java.util.HashMap.getNode(ILjava/lang/Object;)Ljava/util/HashMap$Node; @ 126
Event: 5.260 Thread 0x00007fa064136800 Uncommon trap: reason=bimorphic action=maybe_recompile pc=0x00007fa0552954a0 method=java.util.HashMap.getNode(ILjava/lang/Object;)Ljava/util/HashMap$Node; @ 126
Event: 6.015 Thread 0x00007fa06413a000 Uncommon trap: reason=unstable_if action=reinterpret pc=0x00007fa05558863c method=java.util.HashMap.putVal(ILjava/lang/Object;Ljava/lang/Object;ZZ)Ljava/lang/Object; @ 94
Event: 6.817 Thread 0x00007fa06413a000 Uncommon trap: reason=unstable_if action=reinterpret pc=0x00007fa0552d90ec method=java.util.HashMap.putVal(ILjava/lang/Object;Ljava/lang/Object;ZZ)Ljava/lang/Object; @ 162
Event: 6.823 Thread 0x00007fa06413a000 Uncommon trap: reason=unstable_if action=reinterpret pc=0x00007fa05552bee8 method=java.util.HashMap.getNode(ILjava/lang/Object;)Ljava/util/HashMap$Node; @ 84

Internal exceptions (7 events):
Event: 0.056 Thread 0x00007fa06400a000 Exception <a 'java/lang/NoSuchMethodError': Method sun.misc.Unsafe.defineClass(Ljava/lang/String;[BII)Ljava/lang/Class; name or signature does not match> (0x00000000eab12b98) thrown at [/HUDSON/workspace/8-2-build-linux-amd64/jdk8u66/4988/hotspot/src/shar
Event: 0.056 Thread 0x00007fa06400a000 Exception <a 'java/lang/NoSuchMethodError': Method sun.misc.Unsafe.prefetchRead(Ljava/lang/Object;J)V name or signature does not match> (0x00000000eab12e80) thrown at [/HUDSON/workspace/8-2-build-linux-amd64/jdk8u66/4988/hotspot/src/share/vm/prims/jni.cpp
Event: 1.889 Thread 0x00007fa06413a000 Implicit null exception at 0x00007fa0552a89cb to 0x00007fa0552ab0a9
Event: 4.211 Thread 0x00007fa06412b800 Implicit null exception at 0x00007fa055375662 to 0x00007fa05537575b
Event: 6.819 Thread 0x00007fa06413a000 Exception <a 'java/lang/ArrayIndexOutOfBoundsException': 18> (0x00000000f2636538) thrown at [/HUDSON/workspace/8-2-build-linux-amd64/jdk8u66/4988/hotspot/src/share/vm/interpreter/interpreterRuntime.cpp, line 366]
Event: 6.819 Thread 0x00007fa06413a000 Exception <a 'java/lang/ArrayIndexOutOfBoundsException': 145> (0x00000000f26380b8) thrown at [/HUDSON/workspace/8-2-build-linux-amd64/jdk8u66/4988/hotspot/src/share/vm/interpreter/interpreterRuntime.cpp, line 366]
Event: 6.820 Thread 0x00007fa06413a000 Exception <a 'java/lang/ArrayIndexOutOfBoundsException': 40> (0x00000000f26393a0) thrown at [/HUDSON/workspace/8-2-build-linux-amd64/jdk8u66/4988/hotspot/src/share/vm/interpreter/interpreterRuntime.cpp, line 366]

Events (10 events):
Event: 6.820 loading class java/lang/reflect/TypeVariable
Event: 6.820 loading class java/lang/reflect/TypeVariable done
Event: 6.820 loading class sun/reflect/generics/reflectiveObjects/TypeVariableImpl
Event: 6.820 loading class sun/reflect/generics/reflectiveObjects/LazyReflectiveObjectGenerator
Event: 6.820 loading class sun/reflect/generics/reflectiveObjects/LazyReflectiveObjectGenerator done
Event: 6.820 loading class sun/reflect/generics/reflectiveObjects/TypeVariableImpl done
Event: 6.823 Thread 0x00007fa06413a000 Uncommon trap: trap_request=0xffffff65 fr.pc=0x00007fa05552bee8
Event: 6.823 Thread 0x00007fa06413a000 DEOPT PACKING pc=0x00007fa05552bee8 sp=0x00007fa0513a32a0
Event: 6.823 Thread 0x00007fa06413a000 DEOPT UNPACKING pc=0x00007fa055005229 sp=0x00007fa0513a3248 mode 2
Event: 6.834 Executing VM operation: ParallelGCFailedAllocation


Dynamic libraries:
00400000-00401000 r-xp 00000000 08:07 15930                              /usr/lib/jvm/java-8-oracle/bin/java
00600000-00601000 rw-p 00000000 08:07 15930                              /usr/lib/jvm/java-8-oracle/bin/java
02087000-020a8000 rw-p 00000000 00:00 0                                  [heap]
c0000000-c5300000 rw-p 00000000 00:00 0 
c5300000-eab00000 ---p 00000000 00:00 0 
eab00000-f3100000 rw-p 00000000 00:00 0 
fd800000-100000000 ---p 00000000 00:00 0 
100000000-1000a0000 rw-p 00000000 00:00 0 
1000a0000-140000000 ---p 00000000 00:00 0 
7fa004000000-7fa004021000 rw-p 00000000 00:00 0 
7fa004021000-7fa008000000 ---p 00000000 00:00 0 
7fa008000000-7fa008027000 rw-p 00000000 00:00 0 
7fa008027000-7fa00c000000 ---p 00000000 00:00 0 
7fa00c000000-7fa00c021000 rw-p 00000000 00:00 0 
7fa00c021000-7fa010000000 ---p 00000000 00:00 0 
7fa010000000-7fa010038000 rw-p 00000000 00:00 0 
7fa010038000-7fa014000000 ---p 00000000 00:00 0 
7fa014000000-7fa014021000 rw-p 00000000 00:00 0 
7fa014021000-7fa018000000 ---p 00000000 00:00 0 
7fa018000000-7fa018030000 rw-p 00000000 00:00 0 
7fa018030000-7fa01c000000 ---p 00000000 00:00 0 
7fa01c000000-7fa01c6da000 rw-p 00000000 00:00 0 
7fa01c6da000-7fa020000000 ---p 00000000 00:00 0 
7fa020000000-7fa020021000 rw-p 00000000 00:00 0 
7fa020021000-7fa024000000 ---p 00000000 00:00 0 
7fa024000000-7fa0246f7000 rw-p 00000000 00:00 0 
7fa0246f7000-7fa028000000 ---p 00000000 00:00 0 
7fa028000000-7fa02857e000 rw-p 00000000 00:00 0 
7fa02857e000-7fa02c000000 ---p 00000000 00:00 0 
7fa02c000000-7fa02c021000 rw-p 00000000 00:00 0 
7fa02c021000-7fa030000000 ---p 00000000 00:00 0 
7fa030000000-7fa030021000 rw-p 00000000 00:00 0 
7fa030021000-7fa034000000 ---p 00000000 00:00 0 
7fa034000000-7fa03428c000 rw-p 00000000 00:00 0 
7fa03428c000-7fa038000000 ---p 00000000 00:00 0 
7fa038000000-7fa038021000 rw-p 00000000 00:00 0 
7fa038021000-7fa03c000000 ---p 00000000 00:00 0 
7fa03c000000-7fa03c021000 rw-p 00000000 00:00 0 
7fa03c021000-7fa040000000 ---p 00000000 00:00 0 
7fa040000000-7fa040021000 rw-p 00000000 00:00 0 
7fa040021000-7fa044000000 ---p 00000000 00:00 0 
7fa044000000-7fa044021000 rw-p 00000000 00:00 0 
7fa044021000-7fa048000000 ---p 00000000 00:00 0 
7fa04c000000-7fa04c021000 rw-p 00000000 00:00 0 
7fa04c021000-7fa050000000 ---p 00000000 00:00 0 
7fa0512a5000-7fa0512a8000 ---p 00000000 00:00 0 
7fa0512a8000-7fa0513a6000 rw-p 00000000 00:00 0                          [stack:22767]
7fa0513a6000-7fa0513a9000 ---p 00000000 00:00 0 
7fa0513a9000-7fa0514a7000 rw-p 00000000 00:00 0                          [stack:22766]
7fa0514a7000-7fa0514aa000 ---p 00000000 00:00 0 
7fa0514aa000-7fa0515a8000 rw-p 00000000 00:00 0                          [stack:22765]
7fa0515a8000-7fa0515ab000 ---p 00000000 00:00 0 
7fa0515ab000-7fa0516a9000 rw-p 00000000 00:00 0                          [stack:22764]
7fa0516a9000-7fa0516ac000 ---p 00000000 00:00 0 
7fa0516ac000-7fa0517aa000 rw-p 00000000 00:00 0                          [stack:22763]
7fa0517aa000-7fa0517bf000 r--s 000e5000 08:07 3014681                    /home/zeengoone/AndroidStudioProjects/PlanPenny/PlanPenny_v0.4/app/build/intermediates/exploded-aar/com.android.support/support-v4/23.1.1/jars/classes.jar
7fa0517bf000-7fa0517c0000 ---p 00000000 00:00 0 
7fa0517c0000-7fa0518c0000 rw-p 00000000 00:00 0                          [stack:22752]
7fa0518c0000-7fa0518c3000 ---p 00000000 00:00 0 
7fa0518c3000-7fa0519c1000 rw-p 00000000 00:00 0                          [stack:22749]
7fa0519c1000-7fa0519c4000 ---p 00000000 00:00 0 
7fa0519c4000-7fa051ac2000 rw-p 00000000 00:00 0                          [stack:22748]
7fa051ac2000-7fa051ac5000 ---p 00000000 00:00 0 
7fa051ac5000-7fa051bc3000 rw-p 00000000 00:00 0                          [stack:22747]
7fa051bc3000-7fa051bc6000 ---p 00000000 00:00 0 
7fa051bc6000-7fa051cc4000 rw-p 00000000 00:00 0                          [stack:22745]
7fa051cc4000-7fa051cc7000 ---p 00000000 00:00 0 
7fa051cc7000-7fa051dc5000 rw-p 00000000 00:00 0                          [stack:22744]
7fa051dc5000-7fa05208e000 r--p 00000000 08:07 9115                       /usr/lib/locale/locale-archive
7fa05208e000-7fa052091000 ---p 00000000 00:00 0 
7fa052091000-7fa05218f000 rw-p 00000000 00:00 0                          [stack:22738]
7fa05218f000-7fa052192000 ---p 00000000 00:00 0 
7fa052192000-7fa052290000 rw-p 00000000 00:00 0                          [stack:22737]
7fa052290000-7fa052291000 ---p 00000000 00:00 0 
7fa052291000-7fa055000000 rw-p 00000000 00:00 0                          [stack:22734]
7fa055000000-7fa055600000 rwxp 00000000 00:00 0 
7fa055600000-7fa064000000 ---p 00000000 00:00 0 
7fa064000000-7fa06438b000 rw-p 00000000 00:00 0 
7fa06438b000-7fa068000000 ---p 00000000 00:00 0 
7fa06800f000-7fa06801e000 r--s 000df000 08:07 141925                     /home/zeengoone/Android/Sdk/build-tools/23.0.1/lib/dx.jar
7fa06801e000-7fa068363000 rw-p 00000000 00:00 0 
7fa068363000-7fa06853c000 r--s 03d20000 08:07 15892                      /usr/lib/jvm/java-8-oracle/jre/lib/rt.jar
7fa06853c000-7fa068c32000 rw-p 00000000 00:00 0 
7fa068c32000-7fa068db2000 ---p 00000000 00:00 0 
7fa068db2000-7fa068fb2000 rw-p 00000000 00:00 0 
7fa068fb2000-7fa068fb3000 ---p 00000000 00:00 0 
7fa068fb3000-7fa0690b3000 rw-p 00000000 00:00 0                          [stack:22730]
7fa0690b3000-7fa0690b4000 ---p 00000000 00:00 0 
7fa0690b4000-7fa0691b4000 rw-p 00000000 00:00 0                          [stack:22729]
7fa0691b4000-7fa0691b5000 ---p 00000000 00:00 0 
7fa0691b5000-7fa0692b5000 rw-p 00000000 00:00 0                          [stack:22728]
7fa0692b5000-7fa0692b6000 ---p 00000000 00:00 0 
7fa0692b6000-7fa0693e0000 rw-p 00000000 00:00 0                          [stack:22718]
7fa0693e0000-7fa06950c000 ---p 00000000 00:00 0 
7fa06950c000-7fa069536000 rw-p 00000000 00:00 0 
7fa069536000-7fa069661000 ---p 00000000 00:00 0 
7fa069661000-7fa0696a5000 rw-p 00000000 00:00 0 
7fa0696a5000-7fa06970c000 ---p 00000000 00:00 0 
7fa06970c000-7fa069725000 rw-p 00000000 00:00 0 
7fa069725000-7fa069acd000 ---p 00000000 00:00 0 
7fa069acd000-7fa069ae7000 r-xp 00000000 08:07 666049                     /usr/lib/jvm/java-8-oracle/jre/lib/amd64/libzip.so
7fa069ae7000-7fa069ce7000 ---p 0001a000 08:07 666049                     /usr/lib/jvm/java-8-oracle/jre/lib/amd64/libzip.so
7fa069ce7000-7fa069ce8000 rw-p 0001a000 08:07 666049                     /usr/lib/jvm/java-8-oracle/jre/lib/amd64/libzip.so
7fa069ce8000-7fa069cf3000 r-xp 00000000 08:07 398229                     /lib/x86_64-linux-gnu/libnss_files-2.19.so
7fa069cf3000-7fa069ef2000 ---p 0000b000 08:07 398229                     /lib/x86_64-linux-gnu/libnss_files-2.19.so
7fa069ef2000-7fa069ef3000 r--p 0000a000 08:07 398229                     /lib/x86_64-linux-gnu/libnss_files-2.19.so
7fa069ef3000-7fa069ef4000 rw-p 0000b000 08:07 398229                     /lib/x86_64-linux-gnu/libnss_files-2.19.so
7fa069ef4000-7fa069eff000 r-xp 00000000 08:07 398239                     /lib/x86_64-linux-gnu/libnss_nis-2.19.so
7fa069eff000-7fa06a0fe000 ---p 0000b000 08:07 398239                     /lib/x86_64-linux-gnu/libnss_nis-2.19.so
7fa06a0fe000-7fa06a0ff000 r--p 0000a000 08:07 398239                     /lib/x86_64-linux-gnu/libnss_nis-2.19.so
7fa06a0ff000-7fa06a100000 rw-p 0000b000 08:07 398239                     /lib/x86_64-linux-gnu/libnss_nis-2.19.so
7fa06a100000-7fa06a117000 r-xp 00000000 08:07 398223                     /lib/x86_64-linux-gnu/libnsl-2.19.so
7fa06a117000-7fa06a316000 ---p 00017000 08:07 398223                     /lib/x86_64-linux-gnu/libnsl-2.19.so
7fa06a316000-7fa06a317000 r--p 00016000 08:07 398223                     /lib/x86_64-linux-gnu/libnsl-2.19.so
7fa06a317000-7fa06a318000 rw-p 00017000 08:07 398223                     /lib/x86_64-linux-gnu/libnsl-2.19.so
7fa06a318000-7fa06a31a000 rw-p 00000000 00:00 0 
7fa06a31a000-7fa06a323000 r-xp 00000000 08:07 398225                     /lib/x86_64-linux-gnu/libnss_compat-2.19.so
7fa06a323000-7fa06a522000 ---p 00009000 08:07 398225                     /lib/x86_64-linux-gnu/libnss_compat-2.19.so
7fa06a522000-7fa06a523000 r--p 00008000 08:07 398225                     /lib/x86_64-linux-gnu/libnss_compat-2.19.so
7fa06a523000-7fa06a524000 rw-p 00009000 08:07 398225                     /lib/x86_64-linux-gnu/libnss_compat-2.19.so
7fa06a524000-7fa06a54e000 r-xp 00000000 08:07 666001                     /usr/lib/jvm/java-8-oracle/jre/lib/amd64/libjava.so
7fa06a54e000-7fa06a74e000 ---p 0002a000 08:07 666001                     /usr/lib/jvm/java-8-oracle/jre/lib/amd64/libjava.so
7fa06a74e000-7fa06a750000 rw-p 0002a000 08:07 666001                     /usr/lib/jvm/java-8-oracle/jre/lib/amd64/libjava.so
7fa06a750000-7fa06a75d000 r-xp 00000000 08:07 666037                     /usr/lib/jvm/java-8-oracle/jre/lib/amd64/libverify.so
7fa06a75d000-7fa06a95d000 ---p 0000d000 08:07 666037                     /usr/lib/jvm/java-8-oracle/jre/lib/amd64/libverify.so
7fa06a95d000-7fa06a95f000 rw-p 0000d000 08:07 666037                     /usr/lib/jvm/java-8-oracle/jre/lib/amd64/libverify.so
7fa06a95f000-7fa06a966000 r-xp 00000000 08:07 398282                     /lib/x86_64-linux-gnu/librt-2.19.so
7fa06a966000-7fa06ab65000 ---p 00007000 08:07 398282                     /lib/x86_64-linux-gnu/librt-2.19.so
7fa06ab65000-7fa06ab66000 r--p 00006000 08:07 398282                     /lib/x86_64-linux-gnu/librt-2.19.so
7fa06ab66000-7fa06ab67000 rw-p 00007000 08:07 398282                     /lib/x86_64-linux-gnu/librt-2.19.so
7fa06ab67000-7fa06ac6c000 r-xp 00000000 08:07 398204                     /lib/x86_64-linux-gnu/libm-2.19.so
7fa06ac6c000-7fa06ae6b000 ---p 00105000 08:07 398204                     /lib/x86_64-linux-gnu/libm-2.19.so
7fa06ae6b000-7fa06ae6c000 r--p 00104000 08:07 398204                     /lib/x86_64-linux-gnu/libm-2.19.so
7fa06ae6c000-7fa06ae6d000 rw-p 00105000 08:07 398204                     /lib/x86_64-linux-gnu/libm-2.19.so
7fa06ae6d000-7fa06bb2b000 r-xp 00000000 08:07 665918                     /usr/lib/jvm/java-8-oracle/jre/lib/amd64/server/libjvm.so
7fa06bb2b000-7fa06bd2a000 ---p 00cbe000 08:07 665918                     /usr/lib/jvm/java-8-oracle/jre/lib/amd64/server/libjvm.so
7fa06bd2a000-7fa06be03000 rw-p 00cbd000 08:07 665918                     /usr/lib/jvm/java-8-oracle/jre/lib/amd64/server/libjvm.so
7fa06be03000-7fa06be47000 rw-p 00000000 00:00 0 
7fa06be47000-7fa06c002000 r-xp 00000000 08:07 398153                     /lib/x86_64-linux-gnu/libc-2.19.so
7fa06c002000-7fa06c201000 ---p 001bb000 08:07 398153                     /lib/x86_64-linux-gnu/libc-2.19.so
7fa06c201000-7fa06c205000 r--p 001ba000 08:07 398153                     /lib/x86_64-linux-gnu/libc-2.19.so
7fa06c205000-7fa06c207000 rw-p 001be000 08:07 398153                     /lib/x86_64-linux-gnu/libc-2.19.so
7fa06c207000-7fa06c20c000 rw-p 00000000 00:00 0 
7fa06c20c000-7fa06c20f000 r-xp 00000000 08:07 398170                     /lib/x86_64-linux-gnu/libdl-2.19.so
7fa06c20f000-7fa06c40e000 ---p 00003000 08:07 398170                     /lib/x86_64-linux-gnu/libdl-2.19.so
7fa06c40e000-7fa06c40f000 r--p 00002000 08:07 398170                     /lib/x86_64-linux-gnu/libdl-2.19.so
7fa06c40f000-7fa06c410000 rw-p 00003000 08:07 398170                     /lib/x86_64-linux-gnu/libdl-2.19.so
7fa06c410000-7fa06c425000 r-xp 00000000 08:07 1318190                    /usr/lib/jvm/java-8-oracle/lib/amd64/jli/libjli.so
7fa06c425000-7fa06c625000 ---p 00015000 08:07 1318190                    /usr/lib/jvm/java-8-oracle/lib/amd64/jli/libjli.so
7fa06c625000-7fa06c626000 rw-p 00015000 08:07 1318190                    /usr/lib/jvm/java-8-oracle/lib/amd64/jli/libjli.so
7fa06c626000-7fa06c63f000 r-xp 00000000 08:07 398274                     /lib/x86_64-linux-gnu/libpthread-2.19.so
7fa06c63f000-7fa06c83e000 ---p 00019000 08:07 398274                     /lib/x86_64-linux-gnu/libpthread-2.19.so
7fa06c83e000-7fa06c83f000 r--p 00018000 08:07 398274                     /lib/x86_64-linux-gnu/libpthread-2.19.so
7fa06c83f000-7fa06c840000 rw-p 00019000 08:07 398274                     /lib/x86_64-linux-gnu/libpthread-2.19.so
7fa06c840000-7fa06c844000 rw-p 00000000 00:00 0 
7fa06c844000-7fa06c867000 r-xp 00000000 08:07 398127                     /lib/x86_64-linux-gnu/ld-2.19.so
7fa06c86c000-7fa06c93e000 rw-p 00000000 00:00 0 
7fa06c93e000-7fa06c941000 ---p 00000000 00:00 0 
7fa06c941000-7fa06ca43000 rw-p 00000000 00:00 0                          [stack:22695]
7fa06ca45000-7fa06ca5a000 rw-p 00000000 00:00 0 
7fa06ca5a000-7fa06ca62000 rw-s 00000000 08:07 1579225                    /tmp/hsperfdata_zeengoone/22692
7fa06ca62000-7fa06ca63000 rw-p 00000000 00:00 0 
7fa06ca63000-7fa06ca64000 ---p 00000000 00:00 0 
7fa06ca64000-7fa06ca66000 rw-p 00000000 00:00 0 
7fa06ca66000-7fa06ca67000 r--p 00022000 08:07 398127                     /lib/x86_64-linux-gnu/ld-2.19.so
7fa06ca67000-7fa06ca68000 rw-p 00023000 08:07 398127                     /lib/x86_64-linux-gnu/ld-2.19.so
7fa06ca68000-7fa06ca69000 rw-p 00000000 00:00 0 
7ffe022df000-7ffe02300000 rw-p 00000000 00:00 0                          [stack]
7ffe0230a000-7ffe0230c000 r-xp 00000000 00:00 0                          [vdso]
7ffe0230c000-7ffe0230e000 r--p 00000000 00:00 0                          [vvar]
ffffffffff600000-ffffffffff601000 r-xp 00000000 00:00 0                  [vsyscall]

VM Arguments:
jvm_args: -Djava.awt.headless=true -Xmx1024M -Dfile.encoding=UTF-8 -Duser.country=US -Duser.language=en -Duser.variant 
java_command: com.android.dx.command.Main --dex --num-threads=4 --output /home/zeengoone/AndroidStudioProjects/PlanPenny/PlanPenny_v0.4/app/build/intermediates/pre-dexed/debug/com.android.support-support-v4-23.1.1_9674009d61ef5847c100f726c8f33ff3d4bcbfc6.jar /home/zeengoone/AndroidStudioProjects/PlanPenny/PlanPenny_v0.4/app/build/intermediates/exploded-aar/com.android.support/support-v4/23.1.1/jars/classes.jar
java_class_path (initial): /home/zeengoone/Android/Sdk/build-tools/23.0.1/lib/dx.jar
Launcher Type: SUN_STANDARD

Environment Variables:
JAVA_HOME=/usr/lib/jvm/java-8-oracle
PATH=/usr/local/sbin:/usr/local/bin:/usr/sbin:/usr/bin:/sbin:/bin:/usr/games:/usr/local/games:/usr/lib/jvm/java-8-oracle/bin:/usr/lib/jvm/java-8-oracle/db/bin:/usr/lib/jvm/java-8-oracle/jre/bin
USERNAME=zeengoone
LD_LIBRARY_PATH=/opt/android-studio/bin:
SHELL=/bin/bash
DISPLAY=:0.0

Signal Handlers:
SIGSEGV: [libjvm.so+0xaba2a0], sa_mask[0]=11111111011111111101111111111110, sa_flags=SA_RESTART|SA_SIGINFO
SIGBUS: [libjvm.so+0xaba2a0], sa_mask[0]=11111111011111111101111111111110, sa_flags=SA_RESTART|SA_SIGINFO
SIGFPE: [libjvm.so+0x917710], sa_mask[0]=11111111011111111101111111111110, sa_flags=SA_RESTART|SA_SIGINFO
SIGPIPE: [libjvm.so+0x917710], sa_mask[0]=11111111011111111101111111111110, sa_flags=SA_RESTART|SA_SIGINFO
SIGXFSZ: [libjvm.so+0x917710], sa_mask[0]=11111111011111111101111111111110, sa_flags=SA_RESTART|SA_SIGINFO
SIGILL: [libjvm.so+0x917710], sa_mask[0]=11111111011111111101111111111110, sa_flags=SA_RESTART|SA_SIGINFO
SIGUSR1: SIG_DFL, sa_mask[0]=00000000000000000000000000000000, sa_flags=none
SIGUSR2: [libjvm.so+0x918d40], sa_mask[0]=00100000000000000000000000000000, sa_flags=SA_RESTART|SA_SIGINFO
SIGHUP: [libjvm.so+0x91a140], sa_mask[0]=11111111011111111101111111111110, sa_flags=SA_RESTART|SA_SIGINFO
SIGINT: [libjvm.so+0x91a140], sa_mask[0]=11111111011111111101111111111110, sa_flags=SA_RESTART|SA_SIGINFO
SIGTERM: [libjvm.so+0x91a140], sa_mask[0]=11111111011111111101111111111110, sa_flags=SA_RESTART|SA_SIGINFO
SIGQUIT: [libjvm.so+0x91a140], sa_mask[0]=11111111011111111101111111111110, sa_flags=SA_RESTART|SA_SIGINFO


---------------  S Y S T E M  ---------------

OS:DISTRIB_ID=LinuxMint
DISTRIB_RELEASE=17.2
DISTRIB_CODENAME=rafaela
DISTRIB_DESCRIPTION="Linux Mint 17.2 Rafaela"

uname:Linux 3.16.0-38-generic #52~14.04.1-Ubuntu SMP Fri May 8 09:43:57 UTC 2015 x86_64
libc:glibc 2.19 NPTL 2.19 
rlimit: STACK 8192k, CORE 0k, NPROC 31059, NOFILE 4096, AS infinity
load average:4.09 2.18 1.78

/proc/meminfo:
MemTotal:        8074804 kB
MemFree:          167736 kB
MemAvailable:     137200 kB
Buffers:            2140 kB
Cached:          2668184 kB
SwapCached:            0 kB
Active:          5179012 kB
Inactive:        2480600 kB
Active(anon):    5148476 kB
Inactive(anon):  2448768 kB
Active(file):      30536 kB
Inactive(file):    31832 kB
Unevictable:          16 kB
Mlocked:              16 kB
SwapTotal:             0 kB
SwapFree:              0 kB
Dirty:               204 kB
Writeback:             0 kB
AnonPages:       4989788 kB
Mapped:           958208 kB
Shmem:           2607508 kB
Slab:              97764 kB
SReclaimable:      45488 kB
SUnreclaim:        52276 kB
KernelStack:       11888 kB
PageTables:        46360 kB
NFS_Unstable:          0 kB
Bounce:                0 kB
WritebackTmp:          0 kB
CommitLimit:     4037400 kB
Committed_AS:   13621620 kB
VmallocTotal:   34359738367 kB
VmallocUsed:      636936 kB
VmallocChunk:   34359076000 kB
HardwareCorrupted:     0 kB
AnonHugePages:   2443264 kB
HugePages_Total:       0
HugePages_Free:        0
HugePages_Rsvd:        0
HugePages_Surp:        0
Hugepagesize:       2048 kB
DirectMap4k:       78884 kB
DirectMap2M:     4014080 kB
DirectMap1G:     4194304 kB


CPU:total 4 (2 cores per cpu, 2 threads per core) family 6 model 61 stepping 4, cmov, cx8, fxsr, mmx, sse, sse2, sse3, ssse3, sse4.1, sse4.2, popcnt, avx, avx2, aes, clmul, erms, 3dnowpref, lzcnt, ht, tsc, tscinvbit, bmi1, bmi2, adx

/proc/cpuinfo:
processor	: 0
vendor_id	: GenuineIntel
cpu family	: 6
model		: 61
model name	: Intel(R) Core(TM) i7-5500U CPU @ 2.40GHz
stepping	: 4
microcode	: 0x1f
cpu MHz		: 2547.000
cache size	: 4096 KB
physical id	: 0
siblings	: 4
core id		: 0
cpu cores	: 2
apicid		: 0
initial apicid	: 0
fpu		: yes
fpu_exception	: yes
cpuid level	: 20
wp		: yes
flags		: fpu vme de pse tsc msr pae mce cx8 apic sep mtrr pge mca cmov pat pse36 clflush dts acpi mmx fxsr sse sse2 ss ht tm pbe syscall nx pdpe1gb rdtscp lm constant_tsc arch_perfmon pebs bts rep_good nopl xtopology nonstop_tsc aperfmperf eagerfpu pni pclmulqdq dtes64 monitor ds_cpl vmx est tm2 ssse3 fma cx16 xtpr pdcm pcid sse4_1 sse4_2 x2apic movbe popcnt tsc_deadline_timer aes xsave avx f16c rdrand lahf_lm abm 3dnowprefetch ida arat epb xsaveopt pln pts dtherm tpr_shadow vnmi flexpriority ept vpid fsgsbase tsc_adjust bmi1 avx2 smep bmi2 erms invpcid rdseed adx smap
bogomips	: 4788.95
clflush size	: 64
cache_alignment	: 64
address sizes	: 39 bits physical, 48 bits virtual
power management:

processor	: 1
vendor_id	: GenuineIntel
cpu family	: 6
model		: 61
model name	: Intel(R) Core(TM) i7-5500U CPU @ 2.40GHz
stepping	: 4
microcode	: 0x1f
cpu MHz		: 2547.000
cache size	: 4096 KB
physical id	: 0
siblings	: 4
core id		: 0
cpu cores	: 2
apicid		: 1
initial apicid	: 1
fpu		: yes
fpu_exception	: yes
cpuid level	: 20
wp		: yes
flags		: fpu vme de pse tsc msr pae mce cx8 apic sep mtrr pge mca cmov pat pse36 clflush dts acpi mmx fxsr sse sse2 ss ht tm pbe syscall nx pdpe1gb rdtscp lm constant_tsc arch_perfmon pebs bts rep_good nopl xtopology nonstop_tsc aperfmperf eagerfpu pni pclmulqdq dtes64 monitor ds_cpl vmx est tm2 ssse3 fma cx16 xtpr pdcm pcid sse4_1 sse4_2 x2apic movbe popcnt tsc_deadline_timer aes xsave avx f16c rdrand lahf_lm abm 3dnowprefetch ida arat epb xsaveopt pln pts dtherm tpr_shadow vnmi flexpriority ept vpid fsgsbase tsc_adjust bmi1 avx2 smep bmi2 erms invpcid rdseed adx smap
bogomips	: 4788.95
clflush size	: 64
cache_alignment	: 64
address sizes	: 39 bits physical, 48 bits virtual
power management:

processor	: 2
vendor_id	: GenuineIntel
cpu family	: 6
model		: 61
model name	: Intel(R) Core(TM) i7-5500U CPU @ 2.40GHz
stepping	: 4
microcode	: 0x1f
cpu MHz		: 2538.375
cache size	: 4096 KB
physical id	: 0
siblings	: 4
core id		: 1
cpu cores	: 2
apicid		: 2
initial apicid	: 2
fpu		: yes
fpu_exception	: yes
cpuid level	: 20
wp		: yes
flags		: fpu vme de pse tsc msr pae mce cx8 apic sep mtrr pge mca cmov pat pse36 clflush dts acpi mmx fxsr sse sse2 ss ht tm pbe syscall nx pdpe1gb rdtscp lm constant_tsc arch_perfmon pebs bts rep_good nopl xtopology nonstop_tsc aperfmperf eagerfpu pni pclmulqdq dtes64 monitor ds_cpl vmx est tm2 ssse3 fma cx16 xtpr pdcm pcid sse4_1 sse4_2 x2apic movbe popcnt tsc_deadline_timer aes xsave avx f16c rdrand lahf_lm abm 3dnowprefetch ida arat epb xsaveopt pln pts dtherm tpr_shadow vnmi flexpriority ept vpid fsgsbase tsc_adjust bmi1 avx2 smep bmi2 erms invpcid rdseed adx smap
bogomips	: 4788.95
clflush size	: 64
cache_alignment	: 64
address sizes	: 39 bits physical, 48 bits virtual
power management:

processor	: 3
vendor_id	: GenuineIntel
cpu family	: 6
model		: 61
model name	: Intel(R) Core(TM) i7-5500U CPU @ 2.40GHz
stepping	: 4
microcode	: 0x1f
cpu MHz		: 2533.218
cache size	: 4096 KB
physical id	: 0
siblings	: 4
core id		: 1
cpu cores	: 2
apicid		: 3
initial apicid	: 3
fpu		: yes
fpu_exception	: yes
cpuid level	: 20
wp		: yes
flags		: fpu vme de pse tsc msr pae mce cx8 apic sep mtrr pge mca cmov pat pse36 clflush dts acpi mmx fxsr sse sse2 ss ht tm pbe syscall nx pdpe1gb rdtscp lm constant_tsc arch_perfmon pebs bts rep_good nopl xtopology nonstop_tsc aperfmperf eagerfpu pni pclmulqdq dtes64 monitor ds_cpl vmx est tm2 ssse3 fma cx16 xtpr pdcm pcid sse4_1 sse4_2 x2apic movbe popcnt tsc_deadline_timer aes xsave avx f16c rdrand lahf_lm abm 3dnowprefetch ida arat epb xsaveopt pln pts dtherm tpr_shadow vnmi flexpriority ept vpid fsgsbase tsc_adjust bmi1 avx2 smep bmi2 erms invpcid rdseed adx smap
bogomips	: 4788.95
clflush size	: 64
cache_alignment	: 64
address sizes	: 39 bits physical, 48 bits virtual
power management:



Memory: 4k page, physical 8074804k(168424k free), swap 0k(0k free)

vm_info: Java HotSpot(TM) 64-Bit Server VM (25.66-b17) for linux-amd64 JRE (1.8.0_66-b17), built on Oct  6 2015 17:28:34 by "java_re" with gcc 4.3.0 20080428 (Red Hat 4.3.0-8)

time: Sat Dec 12 01:04:09 2015
elapsed time: 7 seconds (0d 0h 0m 7s)

